2019-03-27T17:11:47.4415150+05:30;Thread#1;Info;starting test run
2019-03-27T17:11:47.4866353+05:30;Thread#1;Info;Discovering target: Default
2019-03-27T17:11:47.4866353+05:30;Thread#1;Info;Discovering tests from assembly: D:\osvsatmosphere\OSVAtmosQAAutomation\OneAtmosphere\bin\Debug\OneAtmosphere.dll
Appdomain Disposed
Test Suite Dump
#0: OneAtmosphere/OneAtmosphere - 
#1: Default - 
#2: OneAtmosphere - 
#3: LoginHomeMyAccountTax - 
#4: Verification of UI elements of Login page - TestAssembly:OneAtmosphere/Feature:LoginHomeMyAccountTax/Scenario:Verification+of+UI+elements+of+Login+page
#5: Login and Logout verification in OneAtmos site - TestAssembly:OneAtmosphere/Feature:LoginHomeMyAccountTax/Scenario:Login+and+Logout+verification+in+OneAtmos+site
#6: Verify error message with valid username and empty password - TestAssembly:OneAtmosphere/Feature:LoginHomeMyAccountTax/Scenario:Verify+error+message+with+valid+username+and+empty+password
End: Test Suite Dump
Thread#0:Scheduler: get next test for thread 0
Thread#:Scheduler: testitem #4 from normal test queue 
Thread#0:Scheduler: considering testitem #4 for thread 0
Thread#0:TestItem#4:testItemMatchesCurrentTestThread:UnSpecific
Thread#0:TestItem#4:runsOnOneOtherThreadSpecific:False
Thread#0:TestItem#4:runsOnOneOtherThreadUnspecific:False
Thread#0:Scheduler: using testitem #4 for thread 0
Thread#0:Scheduler: Test #4 is scheduled for thread
Thread#0:Scheduler: with testItemExecutionIndex 0
Thread #0: creating new test thread executor for OneAtmosphere, Version=1.0.0.0, Culture=neutral, PublicKeyToken=null (target: Default)
Thread#0: Test #4/0 is started on thread #0
Thread#0:T:-> Using app.config
Thread#0:T:[ERR]log4net:ERROR XmlHierarchyConfigurator: No appender named [ConsoleAppender] could be found.
Thread#0:T:[ERR]log4net:ERROR XmlHierarchyConfigurator: Appender named [ConsoleAppender] not found.
Thread#0:T:Full project path (Batch Execution):=>>>>>>>D:\osvsatmosphere\OSVAtmosQAAutomation\OneAtmosphere
Thread#0:T:Full project path (Batch Execution):=>>>>>>>D:\osvsatmosphere\OSVAtmosQAAutomation\OneAtmosphere
Thread#0:T:Full project path (Batch Execution):=>>>>>>>D:\osvsatmosphere\OSVAtmosQAAutomation\OneAtmosphere
Thread#0:T:Full project path (Batch Execution):=>>>>>>>D:\osvsatmosphere\OSVAtmosQAAutomation\OneAtmosphere
Thread#0:T:Starting Execution of Scenario:=>Verification of UI elements of Login page in Feature:LoginHomeMyAccountTax
Thread#0:B:Given Open browser 'chrome'
Thread#0:T:Full project path (Batch Execution):=>>>>>>>D:\osvsatmosphere\OSVAtmosQAAutomation\OneAtmosphere
Thread#0:T:done: LoginHomeMyAccountTaxSteps.GivenIOpenBrowser("chrome") (2.2s)
Thread#0:T:TestResult : OK
Thread#0:B:Then Navigate to url
Thread#0:T:URL: https://qaprodcopy-onesourcevirtual.cs24.force.com/atmosphere/s/login
Thread#0:T:done: LoginHomeMyAccountTaxSteps.ThenINavigateToUrl() (6.2s)
Thread#0:T:TestResult : OK
Thread#0:B:Then Verified UI elements of Login Page
Thread#0:T:done: LoginHomeMyAccountTaxSteps.ThenVerifiedUIElementsOfLoginPage() (0.3s)
Thread#0:T:TestResult : OK
Thread#0:B:Then Quit browser
Thread#0:T:done: LoginHomeMyAccountTaxSteps.ThenIQuitBrowser() (0.2s)
Thread#0:T:TestResult : OK
Thread#0:Scheduler: get next test for thread 0
Thread#:Scheduler: testitem #5 from normal test queue 
Thread#0:Scheduler: considering testitem #5 for thread 0
Thread#0:TestItem#5:testItemMatchesCurrentTestThread:UnSpecific
Thread#0:TestItem#5:runsOnOneOtherThreadSpecific:False
Thread#0:TestItem#5:runsOnOneOtherThreadUnspecific:False
Thread#0:Scheduler: using testitem #5 for thread 0
Thread#0:Scheduler: Test #5 is scheduled for thread
Thread#0:Scheduler: with testItemExecutionIndex 0
Thread#0: Test #4/0 is finished on thread #0 as Succeeded within 17.8769743 seconds
Thread#0: Test #5/0 is started on thread #0
Thread#0:T:Starting Execution of Scenario:=>Login and Logout verification in OneAtmos site in Feature:LoginHomeMyAccountTax
Thread#0:B:Given Open browser 'chrome'
Thread#0:T:Full project path (Batch Execution):=>>>>>>>D:\osvsatmosphere\OSVAtmosQAAutomation\OneAtmosphere
Thread#0:T:done: LoginHomeMyAccountTaxSteps.GivenIOpenBrowser("chrome") (2.1s)
Thread#0:T:TestResult : OK
Thread#0:B:Then Navigate to url
Thread#0:T:URL: https://qaprodcopy-onesourcevirtual.cs24.force.com/atmosphere/s/login
Thread#0:T:done: LoginHomeMyAccountTaxSteps.ThenINavigateToUrl() (6.1s)
Thread#0:T:TestResult : OK
Thread#0:B:Then Enter username and password and login into OneAtmos site
Thread#0:T:UserName: testatmosuser@gmail.com
Thread#0:T:Password: Second@123!
Thread#0:T:done: LoginHomeMyAccountTaxSteps.ThenIEnterUsernameAndPasswordAndLoginIntoOneAtmosSite() (4.5s)
Thread#0:T:TestResult : OK
Thread#0:B:Given Landed on OneAtmos Home Page
Thread#0:T:done: LoginHomeMyAccountTaxSteps.GivenIAmOnTheOneAtmosHomePage() (0.0s)
Thread#0:T:TestResult : OK
Thread#0:B:Then Logout from application
Thread#0:T:done: LoginHomeMyAccountTaxSteps.ThenILogoutFromApplication() (5.4s)
Thread#0:T:TestResult : OK
Thread#0:B:Then Verify the logout
Thread#0:T:done: LoginHomeMyAccountTaxSteps.ThenIVerifyTheLogout() (0.3s)
Thread#0:T:TestResult : OK
Thread#0:B:Then Quit browser
Thread#0:T:done: LoginHomeMyAccountTaxSteps.ThenIQuitBrowser() (0.3s)
Thread#0:T:TestResult : OK
Thread#0:Scheduler: get next test for thread 0
Thread#:Scheduler: testitem #6 from normal test queue 
Thread#0:Scheduler: considering testitem #6 for thread 0
Thread#0:TestItem#6:testItemMatchesCurrentTestThread:UnSpecific
Thread#0:TestItem#6:runsOnOneOtherThreadSpecific:False
Thread#0:TestItem#6:runsOnOneOtherThreadUnspecific:False
Thread#0:Scheduler: using testitem #6 for thread 0
Thread#0:Scheduler: Test #6 is scheduled for thread
Thread#0:Scheduler: with testItemExecutionIndex 0
Thread#0: Test #5/0 is finished on thread #0 as Succeeded within 22.9333684 seconds
Thread#0: Test #6/0 is started on thread #0
Thread#0:T:Starting Execution of Scenario:=>Verify error message with valid username and empty password in Feature:LoginHomeMyAccountTax
Thread#0:B:Given Open browser 'chrome'
Thread#0:T:Full project path (Batch Execution):=>>>>>>>D:\osvsatmosphere\OSVAtmosQAAutomation\OneAtmosphere
Thread#0:T:done: LoginHomeMyAccountTaxSteps.GivenIOpenBrowser("chrome") (2.2s)
Thread#0:T:TestResult : OK
Thread#0:B:Then Navigate to url
Thread#0:T:URL: https://qaprodcopy-onesourcevirtual.cs24.force.com/atmosphere/s/login
Thread#0:T:done: LoginHomeMyAccountTaxSteps.ThenINavigateToUrl() (5.7s)
Thread#0:T:TestResult : OK
Thread#0:B:Then Enter username and without password and login into OneAtmos site
Thread#0:T:UserName: testatmosuser@gmail.com
Thread#0:T:done: LoginHomeMyAccountTaxSteps.ThenEnterUsernameAndWithoutPasswordAndLoginIntoOneAtmosSite() (1.2s)
Thread#0:T:TestResult : OK
Thread#0:B:Then Verify error message
Thread#0:T:Error message is displayed as Enter a value in the Password field.
Thread#0:T:done: LoginHomeMyAccountTaxSteps.ThenVerifyErrorMessage() (0.1s)
Thread#0:T:TestResult : OK
Thread#0:B:Then Quit browser
Thread#0:T:done: LoginHomeMyAccountTaxSteps.ThenIQuitBrowser() (0.2s)
Thread#0:T:TestResult : OK
Thread#0:Scheduler: get next test for thread 0
Thread#:Scheduler: at the end of normal test queue
Thread#0:Scheduler: enumerator for thread is at end
Thread#0:Scheduler: No more tests for thread
Thread#0:T:Full project path (Batch Execution):=>>>>>>>D:\osvsatmosphere\OSVAtmosQAAutomation\OneAtmosphere
Thread#0:T:Refer Log File:=>file:///D:\osvsatmosphere\OSVAtmosQAAutomation\Automation_Report\OutPut\Log\log_27-03-2019.log
Thread#0: Test #6/0 is finished on thread #0 as Succeeded within 13.6432346 seconds
Appdomain Disposed
Thread#-1:Scheduler: get next test for thread -1
Thread#:Scheduler: at the end of normal test queue
Thread#-1:Scheduler: enumerator for thread is at end
2019-03-27T17:12:42.6514790+05:30;Thread#1;Info;test run finished
2019-03-27T17:12:42.6519801+05:30;Thread#1;Info;publishing test results
2019-03-27T17:12:42.6790528+05:30;Thread#1;Info;test results published
2019-03-27T17:12:42.6790528+05:30;Thread#1;Info;generating reports
2019-03-27T17:12:42.7036192+05:30;Thread#1;Info;creating 1 report(s)
2019-03-27T17:12:42.7036192+05:30;Thread#1;Info;generate Report ReportTemplate.cshtml
2019-03-27T17:12:43.5769596+05:30;Thread#1;Info;reports generated
Total: 3
Succeeded: 3
Ignored: 0
Pending: 0
Skipped: 0
Failed: 0
