2019-03-18T20:30:40.6984952+05:30;Thread#1;Info;starting test run
2019-03-18T20:30:40.7506384+05:30;Thread#1;Info;Discovering target: Default
2019-03-18T20:30:40.7506384+05:30;Thread#1;Info;Discovering tests from assembly: D:\osvsatmosphere\OSVAtmosQAAutomation\OneAtmosphere\bin\Debug\OneAtmosphere.dll
Appdomain Disposed
Test Suite Dump
#0: OneAtmosphere/OneAtmosphere - 
#1: Default - 
#2: OneAtmosphere - 
#3: LoginHomeMyAccountTax - 
#5: Login and Logout verification in OneAtmos site - TestAssembly:OneAtmosphere/Feature:LoginHomeMyAccountTax/Scenario:Login+and+Logout+verification+in+OneAtmos+site
End: Test Suite Dump
Thread#0:Scheduler: get next test for thread 0
Thread#:Scheduler: testitem #5 from normal test queue 
Thread#0:Scheduler: considering testitem #5 for thread 0
Thread#0:TestItem#5:testItemMatchesCurrentTestThread:UnSpecific
Thread#0:TestItem#5:runsOnOneOtherThreadSpecific:False
Thread#0:TestItem#5:runsOnOneOtherThreadUnspecific:False
Thread#0:Scheduler: using testitem #5 for thread 0
Thread#0:Scheduler: Test #5 is scheduled for thread
Thread#0:Scheduler: with testItemExecutionIndex 0
Thread #0: creating new test thread executor for OneAtmosphere, Version=1.0.0.0, Culture=neutral, PublicKeyToken=null (target: Default)
Thread#0: Test #5/0 is started on thread #0
Thread#0:T:-> Using app.config
Thread#0:T:[ERR]log4net:ERROR XmlHierarchyConfigurator: No appender named [ConsoleAppender] could be found.
Thread#0:T:[ERR]log4net:ERROR XmlHierarchyConfigurator: Appender named [ConsoleAppender] not found.
Thread#0:T:Full project path (Batch Execution):=>>>>>>>D:\osvsatmosphere\OSVAtmosQAAutomation\OneAtmosphere
Thread#0:T:Full project path (Batch Execution):=>>>>>>>D:\osvsatmosphere\OSVAtmosQAAutomation\OneAtmosphere
Thread#0:T:Full project path (Batch Execution):=>>>>>>>D:\osvsatmosphere\OSVAtmosQAAutomation\OneAtmosphere
Thread#0:T:Full project path (Batch Execution):=>>>>>>>D:\osvsatmosphere\OSVAtmosQAAutomation\OneAtmosphere
Thread#0:T:Starting Execution of Scenario:=>Login and Logout verification in OneAtmos site in Feature:LoginHomeMyAccountTax
Thread#0:B:Given Open browser 'chrome'
Thread#0:T:Full project path (Batch Execution):=>>>>>>>D:\osvsatmosphere\OSVAtmosQAAutomation\OneAtmosphere
Thread#0:T:done: LoginHomeMyAccountTaxSteps.GivenIOpenBrowser("chrome") (3.3s)
Thread#0:T:TestResult : OK
Thread#0:B:Then Navigate to url
Thread#0:T:URL: https://qaprodcopy-onesourcevirtual.cs24.force.com/atmosphere/s/login
Thread#0:T:done: LoginHomeMyAccountTaxSteps.ThenINavigateToUrl() (5.7s)
Thread#0:T:TestResult : OK
Thread#0:B:Then Enter username and password and login into OneAtmos site
Thread#0:T:UserName: testatmosuser@gmail.com
Thread#0:T:Password: Second@123!
Thread#0:T:done: LoginHomeMyAccountTaxSteps.ThenIEnterUsernameAndPasswordAndLoginIntoOneAtmosSite() (5.1s)
Thread#0:T:TestResult : OK
Thread#0:B:Given Landed on OneAtmos Home Page
Thread#0:T:done: LoginHomeMyAccountTaxSteps.GivenIAmOnTheOneAtmosHomePage() (0.1s)
Thread#0:T:TestResult : OK
Thread#0:B:Then Logout from application
Thread#0:T:done: LoginHomeMyAccountTaxSteps.ThenILogoutFromApplication() (5.4s)
Thread#0:T:TestResult : OK
Thread#0:B:Then Verify the logout
Thread#0:T:done: LoginHomeMyAccountTaxSteps.ThenIVerifyTheLogout() (0.4s)
Thread#0:T:TestResult : OK
Thread#0:B:Then Quit browser
Thread#0:T:done: LoginHomeMyAccountTaxSteps.ThenIQuitBrowser() (0.2s)
Thread#0:T:TestResult : OK
Thread#0:Scheduler: get next test for thread 0
Thread#:Scheduler: at the end of normal test queue
Thread#0:Scheduler: enumerator for thread is at end
Thread#0:Scheduler: No more tests for thread
Thread#0:T:Full project path (Batch Execution):=>>>>>>>D:\osvsatmosphere\OSVAtmosQAAutomation\OneAtmosphere
Thread#0:T:Refer Log File:=>file:///D:\osvsatmosphere\OSVAtmosQAAutomation\Automation_Report\OutPut\Log\log_18-03-2019.log
Thread#0: Test #5/0 is finished on thread #0 as Succeeded within 31.0906678 seconds
Appdomain Disposed
Thread#-1:Scheduler: get next test for thread -1
Thread#:Scheduler: at the end of normal test queue
Thread#-1:Scheduler: enumerator for thread is at end
2019-03-18T20:31:12.9644456+05:30;Thread#1;Info;test run finished
2019-03-18T20:31:12.9659492+05:30;Thread#1;Info;publishing test results
2019-03-18T20:31:12.9759766+05:30;Thread#1;Info;test results published
2019-03-18T20:31:12.9759766+05:30;Thread#1;Info;generating reports
2019-03-18T20:31:12.9910164+05:30;Thread#1;Info;creating 1 report(s)
2019-03-18T20:31:12.9910164+05:30;Thread#1;Info;generate Report ReportTemplate.cshtml
2019-03-18T20:31:14.0986074+05:30;Thread#1;Info;reports generated
Total: 1
Succeeded: 1
Ignored: 0
Pending: 0
Skipped: 0
Failed: 0
