ZENQ\rupesh.barnawal  [ INFO]  04:51:18 27-03-19   GetProjectLocation   – path is:=>D:\osvsatmosphere\OSVAtmosQAAutomation\OneAtmosphere
ZENQ\rupesh.barnawal  [ INFO]  04:51:18 27-03-19   GetAutomationReportsFolder   – ==========> Automation Reports folder directory is:=>D:\osvsatmosphere\OSVAtmosQAAutomation\Automation_Report
ZENQ\rupesh.barnawal  [ INFO]  04:51:18 27-03-19   GetProjectLocation   – path is:=>D:\osvsatmosphere\OSVAtmosQAAutomation\OneAtmosphere
ZENQ\rupesh.barnawal  [ INFO]  04:51:19 27-03-19   GetProjectLocation   – path is:=>D:\osvsatmosphere\OSVAtmosQAAutomation\OneAtmosphere
ZENQ\rupesh.barnawal  [ INFO]  04:51:19 27-03-19   CreateReportsDirectory   – ===>Created the customer reports path is:=>D:\osvsatmosphere\OSVAtmosQAAutomation\Automation_Report\CustomReport\Reports_On_03-27-19
ZENQ\rupesh.barnawal  [ INFO]  04:51:19 27-03-19   GetProjectLocation   – path is:=>D:\osvsatmosphere\OSVAtmosQAAutomation\OneAtmosphere
ZENQ\rupesh.barnawal  [ INFO]  04:51:19 27-03-19   CreateScreenShotsFolder   – screenshots folder path:=>D:\osvsatmosphere\OSVAtmosQAAutomation\Automation_Report\OutPut\screenshots
ZENQ\rupesh.barnawal  [ INFO]  04:51:19 27-03-19   CreateScreenShotsFolder   – ===>Directory created:=>D:\osvsatmosphere\OSVAtmosQAAutomation\Automation_Report\OutPut\screenshots\screenshots_On_03-27-19
ZENQ\rupesh.barnawal  [ INFO]  04:51:19 27-03-19   .ctor   – Initializing waits..
ZENQ\rupesh.barnawal  [ INFO]  04:51:19 27-03-19   SetUpTest   – Starting Execution of Scenario:=>Verification of UI elements of Login page in Feature:LoginHomeMyAccountTax
ZENQ\rupesh.barnawal  [ INFO]  04:51:19 27-03-19   InitChromeDriver   – Launching google chrome with new profile..
ZENQ\rupesh.barnawal  [ INFO]  04:51:19 27-03-19   InitChromeDriver   – chrome driver initialized..
ZENQ\rupesh.barnawal  [ INFO]  04:51:19 27-03-19   GetProjectLocation   – path is:=>D:\osvsatmosphere\OSVAtmosQAAutomation\OneAtmosphere
ZENQ\rupesh.barnawal  [ INFO]  04:51:39 27-03-19   .ctor   – Initializing waits..
ZENQ\rupesh.barnawal  [ INFO]  04:51:45 27-03-19   TakeScreenshot   – A generic error occurred in GDI+.   at System.Drawing.Image.Save(String filename, ImageCodecInfo encoder, EncoderParameters encoderParams)
   at OpenQA.Selenium.Screenshot.SaveAsFile(String fileName, ImageFormat format)
   at SeleniumAutomation.Utilities.AutomationUtilities.TakeScreenshot(IWebDriver driver, String screenshotPath) in D:\osvsatmosphere\OSVAtmosQAAutomation\OneAtmosphere\Utilities\Generic\Utilities.cs:line 529
ZENQ\rupesh.barnawal  [ INFO]  04:51:45 27-03-19   TearDown   – An error ocurred:  'OSV Employee? Click Here' link does not exists in 'Login' page
  Expected: True
  But was:  False

ZENQ\rupesh.barnawal  [ INFO]  04:51:45 27-03-19   TearDown   – It was of type:AssertionException
ZENQ\rupesh.barnawal  [ INFO]  04:51:45 27-03-19   GetProjectLocation   – path is:=>D:\osvsatmosphere\OSVAtmosQAAutomation\OneAtmosphere
ZENQ\rupesh.barnawal  [ INFO]  04:51:45 27-03-19   GetAutomationReportsFolder   – ==========> Automation Reports folder directory is:=>D:\osvsatmosphere\OSVAtmosQAAutomation\Automation_Report
ZENQ\rupesh.barnawal  [ INFO]  05:02:41 27-03-19   GetProjectLocation   – path is:=>D:\osvsatmosphere\OSVAtmosQAAutomation\OneAtmosphere
ZENQ\rupesh.barnawal  [ INFO]  05:02:41 27-03-19   GetAutomationReportsFolder   – ==========> Automation Reports folder directory is:=>D:\osvsatmosphere\OSVAtmosQAAutomation\Automation_Report
ZENQ\rupesh.barnawal  [ INFO]  05:02:41 27-03-19   GetProjectLocation   – path is:=>D:\osvsatmosphere\OSVAtmosQAAutomation\OneAtmosphere
ZENQ\rupesh.barnawal  [ INFO]  05:02:41 27-03-19   GetProjectLocation   – path is:=>D:\osvsatmosphere\OSVAtmosQAAutomation\OneAtmosphere
ZENQ\rupesh.barnawal  [ INFO]  05:02:41 27-03-19   CreateReportsDirectory   – ===>Created the customer reports path is:=>D:\osvsatmosphere\OSVAtmosQAAutomation\Automation_Report\CustomReport\Reports_On_03-27-19
ZENQ\rupesh.barnawal  [ INFO]  05:02:41 27-03-19   GetProjectLocation   – path is:=>D:\osvsatmosphere\OSVAtmosQAAutomation\OneAtmosphere
ZENQ\rupesh.barnawal  [ INFO]  05:02:41 27-03-19   CreateScreenShotsFolder   – screenshots folder path:=>D:\osvsatmosphere\OSVAtmosQAAutomation\Automation_Report\OutPut\screenshots
ZENQ\rupesh.barnawal  [ INFO]  05:02:41 27-03-19   .ctor   – Initializing waits..
ZENQ\rupesh.barnawal  [ INFO]  05:02:41 27-03-19   SetUpTest   – Starting Execution of Scenario:=>Verification of UI elements of Login page in Feature:LoginHomeMyAccountTax
ZENQ\rupesh.barnawal  [ INFO]  05:02:41 27-03-19   InitChromeDriver   – Launching google chrome with new profile..
ZENQ\rupesh.barnawal  [ INFO]  05:02:41 27-03-19   InitChromeDriver   – chrome driver initialized..
ZENQ\rupesh.barnawal  [ INFO]  05:02:41 27-03-19   GetProjectLocation   – path is:=>D:\osvsatmosphere\OSVAtmosQAAutomation\OneAtmosphere
ZENQ\rupesh.barnawal  [ INFO]  05:02:55 27-03-19   .ctor   – Initializing waits..
ZENQ\rupesh.barnawal  [ INFO]  05:03:01 27-03-19   TakeScreenshot   – A generic error occurred in GDI+.   at System.Drawing.Image.Save(String filename, ImageCodecInfo encoder, EncoderParameters encoderParams)
   at System.Drawing.Image.Save(String filename, ImageFormat format)
   at OpenQA.Selenium.Screenshot.SaveAsFile(String fileName, ImageFormat format)
   at OpenQA.Selenium.Screenshot.SaveAsFile(String fileName, ScreenshotImageFormat format)
   at SeleniumAutomation.Utilities.AutomationUtilities.TakeScreenshot(IWebDriver driver, String screenshotPath) in D:\osvsatmosphere\OSVAtmosQAAutomation\OneAtmosphere\Utilities\Generic\Utilities.cs:line 529
ZENQ\rupesh.barnawal  [ INFO]  05:03:01 27-03-19   TearDown   – An error ocurred:  'OSV Employee? Click Here' link does not exists in 'Login' page
  Expected: True
  But was:  False

ZENQ\rupesh.barnawal  [ INFO]  05:03:01 27-03-19   TearDown   – It was of type:AssertionException
ZENQ\rupesh.barnawal  [ INFO]  05:03:02 27-03-19   GetProjectLocation   – path is:=>D:\osvsatmosphere\OSVAtmosQAAutomation\OneAtmosphere
ZENQ\rupesh.barnawal  [ INFO]  05:03:02 27-03-19   GetAutomationReportsFolder   – ==========> Automation Reports folder directory is:=>D:\osvsatmosphere\OSVAtmosQAAutomation\Automation_Report
ZENQ\rupesh.barnawal  [ INFO]  05:08:21 27-03-19   GetProjectLocation   – path is:=>D:\osvsatmosphere\OSVAtmosQAAutomation\OneAtmosphere
ZENQ\rupesh.barnawal  [ INFO]  05:08:21 27-03-19   GetAutomationReportsFolder   – ==========> Automation Reports folder directory is:=>D:\osvsatmosphere\OSVAtmosQAAutomation\Automation_Report
ZENQ\rupesh.barnawal  [ INFO]  05:08:21 27-03-19   GetProjectLocation   – path is:=>D:\osvsatmosphere\OSVAtmosQAAutomation\OneAtmosphere
ZENQ\rupesh.barnawal  [ INFO]  05:08:21 27-03-19   GetProjectLocation   – path is:=>D:\osvsatmosphere\OSVAtmosQAAutomation\OneAtmosphere
ZENQ\rupesh.barnawal  [ INFO]  05:08:21 27-03-19   CreateReportsDirectory   – ===>Created the customer reports path is:=>D:\osvsatmosphere\OSVAtmosQAAutomation\Automation_Report\CustomReport\Reports_On_03-27-19
ZENQ\rupesh.barnawal  [ INFO]  05:08:21 27-03-19   GetProjectLocation   – path is:=>D:\osvsatmosphere\OSVAtmosQAAutomation\OneAtmosphere
ZENQ\rupesh.barnawal  [ INFO]  05:08:21 27-03-19   CreateScreenShotsFolder   – screenshots folder path:=>D:\osvsatmosphere\OSVAtmosQAAutomation\Automation_Report\OutPut\screenshots
ZENQ\rupesh.barnawal  [ INFO]  05:08:21 27-03-19   .ctor   – Initializing waits..
ZENQ\rupesh.barnawal  [ INFO]  05:08:21 27-03-19   SetUpTest   – Starting Execution of Scenario:=>Verification of UI elements of Login page in Feature:LoginHomeMyAccountTax
ZENQ\rupesh.barnawal  [ INFO]  05:08:21 27-03-19   InitChromeDriver   – Launching google chrome with new profile..
ZENQ\rupesh.barnawal  [ INFO]  05:08:21 27-03-19   InitChromeDriver   – chrome driver initialized..
ZENQ\rupesh.barnawal  [ INFO]  05:08:21 27-03-19   GetProjectLocation   – path is:=>D:\osvsatmosphere\OSVAtmosQAAutomation\OneAtmosphere
ZENQ\rupesh.barnawal  [ INFO]  05:08:33 27-03-19   .ctor   – Initializing waits..
ZENQ\rupesh.barnawal  [ INFO]  05:08:38 27-03-19   TakeScreenshot   – A generic error occurred in GDI+.   at System.Drawing.Image.Save(String filename, ImageCodecInfo encoder, EncoderParameters encoderParams)
   at System.Drawing.Image.Save(String filename, ImageFormat format)
   at OpenQA.Selenium.Screenshot.SaveAsFile(String fileName, ImageFormat format)
   at OpenQA.Selenium.Screenshot.SaveAsFile(String fileName, ScreenshotImageFormat format)
   at SeleniumAutomation.Utilities.AutomationUtilities.TakeScreenshot(IWebDriver driver, String screenshotPath) in D:\osvsatmosphere\OSVAtmosQAAutomation\OneAtmosphere\Utilities\Generic\Utilities.cs:line 529
ZENQ\rupesh.barnawal  [ INFO]  05:08:39 27-03-19   TearDown   – An error ocurred:  'OSV Employee? Click Here' link does not exists in 'Login' page
  Expected: True
  But was:  False

ZENQ\rupesh.barnawal  [ INFO]  05:08:39 27-03-19   TearDown   – It was of type:AssertionException
ZENQ\rupesh.barnawal  [ INFO]  05:08:39 27-03-19   GetProjectLocation   – path is:=>D:\osvsatmosphere\OSVAtmosQAAutomation\OneAtmosphere
ZENQ\rupesh.barnawal  [ INFO]  05:08:39 27-03-19   GetAutomationReportsFolder   – ==========> Automation Reports folder directory is:=>D:\osvsatmosphere\OSVAtmosQAAutomation\Automation_Report
ZENQ\rupesh.barnawal  [ INFO]  05:10:44 27-03-19   GetProjectLocation   – path is:=>D:\osvsatmosphere\OSVAtmosQAAutomation\OneAtmosphere
ZENQ\rupesh.barnawal  [ INFO]  05:10:44 27-03-19   GetAutomationReportsFolder   – ==========> Automation Reports folder directory is:=>D:\osvsatmosphere\OSVAtmosQAAutomation\Automation_Report
ZENQ\rupesh.barnawal  [ INFO]  05:10:44 27-03-19   GetProjectLocation   – path is:=>D:\osvsatmosphere\OSVAtmosQAAutomation\OneAtmosphere
ZENQ\rupesh.barnawal  [ INFO]  05:10:44 27-03-19   GetProjectLocation   – path is:=>D:\osvsatmosphere\OSVAtmosQAAutomation\OneAtmosphere
ZENQ\rupesh.barnawal  [ INFO]  05:10:44 27-03-19   CreateReportsDirectory   – ===>Created the customer reports path is:=>D:\osvsatmosphere\OSVAtmosQAAutomation\Automation_Report\CustomReport\Reports_On_03-27-19
ZENQ\rupesh.barnawal  [ INFO]  05:10:44 27-03-19   GetProjectLocation   – path is:=>D:\osvsatmosphere\OSVAtmosQAAutomation\OneAtmosphere
ZENQ\rupesh.barnawal  [ INFO]  05:10:44 27-03-19   CreateScreenShotsFolder   – screenshots folder path:=>D:\osvsatmosphere\OSVAtmosQAAutomation\Automation_Report\OutPut\screenshots
ZENQ\rupesh.barnawal  [ INFO]  05:10:44 27-03-19   .ctor   – Initializing waits..
ZENQ\rupesh.barnawal  [ INFO]  05:10:44 27-03-19   SetUpTest   – Starting Execution of Scenario:=>Verification of UI elements of Login page in Feature:LoginHomeMyAccountTax
ZENQ\rupesh.barnawal  [ INFO]  05:10:44 27-03-19   InitChromeDriver   – Launching google chrome with new profile..
ZENQ\rupesh.barnawal  [ INFO]  05:10:44 27-03-19   InitChromeDriver   – chrome driver initialized..
ZENQ\rupesh.barnawal  [ INFO]  05:10:44 27-03-19   GetProjectLocation   – path is:=>D:\osvsatmosphere\OSVAtmosQAAutomation\OneAtmosphere
ZENQ\rupesh.barnawal  [ INFO]  05:10:56 27-03-19   .ctor   – Initializing waits..
ZENQ\rupesh.barnawal  [ INFO]  05:11:01 27-03-19   GetProjectLocation   – path is:=>D:\osvsatmosphere\OSVAtmosQAAutomation\OneAtmosphere
ZENQ\rupesh.barnawal  [ INFO]  05:11:01 27-03-19   GetAutomationReportsFolder   – ==========> Automation Reports folder directory is:=>D:\osvsatmosphere\OSVAtmosQAAutomation\Automation_Report
ZENQ\rupesh.barnawal  [ INFO]  05:11:48 27-03-19   GetProjectLocation   – path is:=>D:\osvsatmosphere\OSVAtmosQAAutomation\OneAtmosphere
ZENQ\rupesh.barnawal  [ INFO]  05:11:48 27-03-19   GetAutomationReportsFolder   – ==========> Automation Reports folder directory is:=>D:\osvsatmosphere\OSVAtmosQAAutomation\Automation_Report
ZENQ\rupesh.barnawal  [ INFO]  05:11:49 27-03-19   GetProjectLocation   – path is:=>D:\osvsatmosphere\OSVAtmosQAAutomation\OneAtmosphere
ZENQ\rupesh.barnawal  [ INFO]  05:11:49 27-03-19   GetProjectLocation   – path is:=>D:\osvsatmosphere\OSVAtmosQAAutomation\OneAtmosphere
ZENQ\rupesh.barnawal  [ INFO]  05:11:49 27-03-19   CreateReportsDirectory   – ===>Created the customer reports path is:=>D:\osvsatmosphere\OSVAtmosQAAutomation\Automation_Report\CustomReport\Reports_On_03-27-19
ZENQ\rupesh.barnawal  [ INFO]  05:11:49 27-03-19   GetProjectLocation   – path is:=>D:\osvsatmosphere\OSVAtmosQAAutomation\OneAtmosphere
ZENQ\rupesh.barnawal  [ INFO]  05:11:49 27-03-19   CreateScreenShotsFolder   – screenshots folder path:=>D:\osvsatmosphere\OSVAtmosQAAutomation\Automation_Report\OutPut\screenshots
ZENQ\rupesh.barnawal  [ INFO]  05:11:49 27-03-19   .ctor   – Initializing waits..
ZENQ\rupesh.barnawal  [ INFO]  05:11:49 27-03-19   SetUpTest   – Starting Execution of Scenario:=>Verification of UI elements of Login page in Feature:LoginHomeMyAccountTax
ZENQ\rupesh.barnawal  [ INFO]  05:11:49 27-03-19   InitChromeDriver   – Launching google chrome with new profile..
ZENQ\rupesh.barnawal  [ INFO]  05:11:49 27-03-19   InitChromeDriver   – chrome driver initialized..
ZENQ\rupesh.barnawal  [ INFO]  05:11:49 27-03-19   GetProjectLocation   – path is:=>D:\osvsatmosphere\OSVAtmosQAAutomation\OneAtmosphere
ZENQ\rupesh.barnawal  [ INFO]  05:12:01 27-03-19   .ctor   – Initializing waits..
ZENQ\rupesh.barnawal  [ INFO]  05:12:05 27-03-19   .ctor   – Initializing waits..
ZENQ\rupesh.barnawal  [ INFO]  05:12:05 27-03-19   SetUpTest   – Starting Execution of Scenario:=>Login and Logout verification in OneAtmos site in Feature:LoginHomeMyAccountTax
ZENQ\rupesh.barnawal  [ INFO]  05:12:05 27-03-19   InitChromeDriver   – Launching google chrome with new profile..
ZENQ\rupesh.barnawal  [ INFO]  05:12:05 27-03-19   InitChromeDriver   – chrome driver initialized..
ZENQ\rupesh.barnawal  [ INFO]  05:12:05 27-03-19   GetProjectLocation   – path is:=>D:\osvsatmosphere\OSVAtmosQAAutomation\OneAtmosphere
ZENQ\rupesh.barnawal  [ INFO]  05:12:14 27-03-19   .ctor   – Initializing waits..
ZENQ\rupesh.barnawal  [ INFO]  05:12:14 27-03-19   LoginIntoOneAtmos   – this is login page
ZENQ\rupesh.barnawal  [ INFO]  05:12:14 27-03-19   EnterUserName   – type text in username field
ZENQ\rupesh.barnawal  [ INFO]  05:12:14 27-03-19   FindElement   – Waiting for element: By.XPath: //input[@type='text'] for 30 seconds
ZENQ\rupesh.barnawal  [ INFO]  05:12:14 27-03-19   SafeType   – Entered text testatmosuser@gmail.com in the field By.XPath: //input[@type='text']
ZENQ\rupesh.barnawal  [ INFO]  05:12:14 27-03-19   EnterUserName   – Entered the UserName in username
ZENQ\rupesh.barnawal  [ INFO]  05:12:14 27-03-19   EnterPassword   – Type password in password field
ZENQ\rupesh.barnawal  [ INFO]  05:12:14 27-03-19   FindElement   – Waiting for element: By.XPath: //input[@type='password'] for 30 seconds
ZENQ\rupesh.barnawal  [ INFO]  05:12:15 27-03-19   SafeType   – Entered text Second@123! in the field By.XPath: //input[@type='password']
ZENQ\rupesh.barnawal  [ INFO]  05:12:15 27-03-19   EnterPassword   – Entered the password in password field
ZENQ\rupesh.barnawal  [ INFO]  05:12:15 27-03-19   ClickSIGNINButton   – click on SIGN IN button
ZENQ\rupesh.barnawal  [ INFO]  05:12:15 27-03-19   FindElement   – Waiting for element: By.XPath: //span[contains(@class,'label bBody')] for 60 seconds
ZENQ\rupesh.barnawal  [ INFO]  05:12:15 27-03-19   SafeNormalClick   – Clicked on element By.XPath: //span[contains(@class,'label bBody')]
ZENQ\rupesh.barnawal  [ INFO]  05:12:15 27-03-19   ClickSIGNINButton   – clicked on SIGN IN button
ZENQ\rupesh.barnawal  [ INFO]  05:12:15 27-03-19   WaitForPageToLoad   – Waiting until page load is complete..
ZENQ\rupesh.barnawal  [ INFO]  05:12:18 27-03-19   ClickSIGNINButton   – Login Successful. Navigated to Home Page ..
ZENQ\rupesh.barnawal  [ INFO]  05:12:18 27-03-19   .ctor   – Initializing waits..
ZENQ\rupesh.barnawal  [ INFO]  05:12:18 27-03-19   LoginIntoOneAtmos   – Logged in to OneAtmos site.
ZENQ\rupesh.barnawal  [ INFO]  05:12:18 27-03-19   WaitForPageToLoad   – Waiting until page load is complete..
ZENQ\rupesh.barnawal  [ INFO]  05:12:18 27-03-19   FindElement   – Waiting for element: By.XPath: //i[@class='fa fa-chevron-down dropdownIcon'] for 10 seconds
ZENQ\rupesh.barnawal  [ INFO]  05:12:19 27-03-19   SafeNormalClick   – Clicked on element By.XPath: //i[@class='fa fa-chevron-down dropdownIcon']
ZENQ\rupesh.barnawal  [ INFO]  05:12:19 27-03-19   FindElement   – Waiting for element: By.XPath: //a[@title='LOGOUT'] for 5 seconds
ZENQ\rupesh.barnawal  [ INFO]  05:12:19 27-03-19   SafeNormalClick   – Clicked on element By.XPath: //a[@title='LOGOUT']
ZENQ\rupesh.barnawal  [ INFO]  05:12:19 27-03-19   WaitForJQueryProcessing   – Waiting ajax processing to complete..
ZENQ\rupesh.barnawal  [ INFO]  05:12:24 27-03-19   WaitForJQueryProcessing   – Waiting stopped due to exception..unknown error: jQuery is not defined
  (Session info: chrome=73.0.3683.86)
  (Driver info: chromedriver=2.40.565498 (ea082db3280dd6843ebfb08a625e3eb905c4f5ab),platform=Windows NT 10.0.10240 x86_64)
ZENQ\rupesh.barnawal  [ INFO]  05:12:24 27-03-19   WaitForPageToLoad   – Waiting until page load is complete..
ZENQ\rupesh.barnawal  [ INFO]  05:12:24 27-03-19   LogOut   – Logged Out ..
ZENQ\rupesh.barnawal  [ INFO]  05:12:24 27-03-19   .ctor   – Initializing waits..
ZENQ\rupesh.barnawal  [ INFO]  05:12:28 27-03-19   .ctor   – Initializing waits..
ZENQ\rupesh.barnawal  [ INFO]  05:12:28 27-03-19   SetUpTest   – Starting Execution of Scenario:=>Verify error message with valid username and empty password in Feature:LoginHomeMyAccountTax
ZENQ\rupesh.barnawal  [ INFO]  05:12:28 27-03-19   InitChromeDriver   – Launching google chrome with new profile..
ZENQ\rupesh.barnawal  [ INFO]  05:12:28 27-03-19   InitChromeDriver   – chrome driver initialized..
ZENQ\rupesh.barnawal  [ INFO]  05:12:28 27-03-19   GetProjectLocation   – path is:=>D:\osvsatmosphere\OSVAtmosQAAutomation\OneAtmosphere
ZENQ\rupesh.barnawal  [ INFO]  05:12:36 27-03-19   .ctor   – Initializing waits..
ZENQ\rupesh.barnawal  [ INFO]  05:12:36 27-03-19   LoginIntoOneAtmosWithoutPWD   – this is login page
ZENQ\rupesh.barnawal  [ INFO]  05:12:36 27-03-19   WaitForPageToLoad   – Waiting until page load is complete..
ZENQ\rupesh.barnawal  [ INFO]  05:12:36 27-03-19   EnterUserName   – type text in username field
ZENQ\rupesh.barnawal  [ INFO]  05:12:37 27-03-19   FindElement   – Waiting for element: By.XPath: //input[@type='text'] for 30 seconds
ZENQ\rupesh.barnawal  [ INFO]  05:12:37 27-03-19   SafeType   – Entered text testatmosuser@gmail.com in the field By.XPath: //input[@type='text']
ZENQ\rupesh.barnawal  [ INFO]  05:12:37 27-03-19   EnterUserName   – Entered the UserName in username
ZENQ\rupesh.barnawal  [ INFO]  05:12:37 27-03-19   ClickSIGNINButtonWithInvalidUser   – click on SIGN IN button
ZENQ\rupesh.barnawal  [ INFO]  05:12:37 27-03-19   FindElement   – Waiting for element: By.XPath: //span[contains(@class,'label bBody')] for 60 seconds
ZENQ\rupesh.barnawal  [ INFO]  05:12:37 27-03-19   SafeNormalClick   – Clicked on element By.XPath: //span[contains(@class,'label bBody')]
ZENQ\rupesh.barnawal  [ INFO]  05:12:37 27-03-19   ClickSIGNINButtonWithInvalidUser   – clicked on SIGN IN button
ZENQ\rupesh.barnawal  [ INFO]  05:12:37 27-03-19   WaitForPageToLoad   – Waiting until page load is complete..
ZENQ\rupesh.barnawal  [ INFO]  05:12:37 27-03-19   ClickSIGNINButtonWithInvalidUser   – Login unsuccessful.
ZENQ\rupesh.barnawal  [ INFO]  05:12:37 27-03-19   .ctor   – Initializing waits..
ZENQ\rupesh.barnawal  [ INFO]  05:12:37 27-03-19   LoginIntoOneAtmosWithoutPWD   – Clicked on Sign In button
ZENQ\rupesh.barnawal  [ INFO]  05:12:37 27-03-19   WaitUntilElementIsDisplayed   – Waiting until element: By.XPath: //div[@class='error']/div is displayed.. timeout is 20 seconds
ZENQ\rupesh.barnawal  [ INFO]  05:12:42 27-03-19   GetProjectLocation   – path is:=>D:\osvsatmosphere\OSVAtmosQAAutomation\OneAtmosphere
ZENQ\rupesh.barnawal  [ INFO]  05:12:42 27-03-19   GetAutomationReportsFolder   – ==========> Automation Reports folder directory is:=>D:\osvsatmosphere\OSVAtmosQAAutomation\Automation_Report
ZENQ\rupesh.barnawal  [ INFO]  05:13:46 27-03-19   GetProjectLocation   – path is:=>D:\osvsatmosphere\OSVAtmosQAAutomation\OneAtmosphere
ZENQ\rupesh.barnawal  [ INFO]  05:13:46 27-03-19   GetAutomationReportsFolder   – ==========> Automation Reports folder directory is:=>D:\osvsatmosphere\OSVAtmosQAAutomation\Automation_Report
ZENQ\rupesh.barnawal  [ INFO]  05:13:46 27-03-19   GetProjectLocation   – path is:=>D:\osvsatmosphere\OSVAtmosQAAutomation\OneAtmosphere
ZENQ\rupesh.barnawal  [ INFO]  05:13:46 27-03-19   GetProjectLocation   – path is:=>D:\osvsatmosphere\OSVAtmosQAAutomation\OneAtmosphere
ZENQ\rupesh.barnawal  [ INFO]  05:13:46 27-03-19   CreateReportsDirectory   – ===>Created the customer reports path is:=>D:\osvsatmosphere\OSVAtmosQAAutomation\Automation_Report\CustomReport\Reports_On_03-27-19
ZENQ\rupesh.barnawal  [ INFO]  05:13:46 27-03-19   GetProjectLocation   – path is:=>D:\osvsatmosphere\OSVAtmosQAAutomation\OneAtmosphere
ZENQ\rupesh.barnawal  [ INFO]  05:13:46 27-03-19   CreateScreenShotsFolder   – screenshots folder path:=>D:\osvsatmosphere\OSVAtmosQAAutomation\Automation_Report\OutPut\screenshots
ZENQ\rupesh.barnawal  [ INFO]  05:13:46 27-03-19   .ctor   – Initializing waits..
ZENQ\rupesh.barnawal  [ INFO]  05:13:47 27-03-19   SetUpTest   – Starting Execution of Scenario:=>Verification of UI elements of Login page in Feature:LoginHomeMyAccountTax
ZENQ\rupesh.barnawal  [ INFO]  05:13:47 27-03-19   InitChromeDriver   – Launching google chrome with new profile..
ZENQ\rupesh.barnawal  [ INFO]  05:13:47 27-03-19   InitChromeDriver   – chrome driver initialized..
ZENQ\rupesh.barnawal  [ INFO]  05:13:47 27-03-19   GetProjectLocation   – path is:=>D:\osvsatmosphere\OSVAtmosQAAutomation\OneAtmosphere
ZENQ\rupesh.barnawal  [ INFO]  05:13:58 27-03-19   .ctor   – Initializing waits..
ZENQ\rupesh.barnawal  [ INFO]  05:14:04 27-03-19   TakeScreenshot   – A generic error occurred in GDI+.   at System.Drawing.Image.Save(String filename, ImageCodecInfo encoder, EncoderParameters encoderParams)
   at OpenQA.Selenium.Screenshot.SaveAsFile(String fileName, ImageFormat format)
   at SeleniumAutomation.Utilities.AutomationUtilities.TakeScreenshot(IWebDriver driver, String screenshotPath) in D:\osvsatmosphere\OSVAtmosQAAutomation\OneAtmosphere\Utilities\Generic\Utilities.cs:line 529
ZENQ\rupesh.barnawal  [ INFO]  05:14:04 27-03-19   TearDown   – An error ocurred:  'OSV Employee? Click Here' link does not exists in 'Login' page
  Expected: True
  But was:  False

ZENQ\rupesh.barnawal  [ INFO]  05:14:04 27-03-19   TearDown   – It was of type:AssertionException
ZENQ\rupesh.barnawal  [ INFO]  05:14:04 27-03-19   GetProjectLocation   – path is:=>D:\osvsatmosphere\OSVAtmosQAAutomation\OneAtmosphere
ZENQ\rupesh.barnawal  [ INFO]  05:14:04 27-03-19   GetAutomationReportsFolder   – ==========> Automation Reports folder directory is:=>D:\osvsatmosphere\OSVAtmosQAAutomation\Automation_Report
ZENQ\rupesh.barnawal  [ INFO]  05:28:48 27-03-19   GetProjectLocation   – path is:=>D:\osvsatmosphere\OSVAtmosQAAutomation\OneAtmosphere
ZENQ\rupesh.barnawal  [ INFO]  05:28:48 27-03-19   GetAutomationReportsFolder   – ==========> Automation Reports folder directory is:=>D:\osvsatmosphere\OSVAtmosQAAutomation\Automation_Report
ZENQ\rupesh.barnawal  [ INFO]  05:28:49 27-03-19   GetProjectLocation   – path is:=>D:\osvsatmosphere\OSVAtmosQAAutomation\OneAtmosphere
ZENQ\rupesh.barnawal  [ INFO]  05:28:49 27-03-19   GetProjectLocation   – path is:=>D:\osvsatmosphere\OSVAtmosQAAutomation\OneAtmosphere
ZENQ\rupesh.barnawal  [ INFO]  05:28:49 27-03-19   CreateReportsDirectory   – ===>Created the customer reports path is:=>D:\osvsatmosphere\OSVAtmosQAAutomation\Automation_Report\CustomReport\Reports_On_03-27-19
ZENQ\rupesh.barnawal  [ INFO]  05:28:49 27-03-19   GetProjectLocation   – path is:=>D:\osvsatmosphere\OSVAtmosQAAutomation\OneAtmosphere
ZENQ\rupesh.barnawal  [ INFO]  05:28:49 27-03-19   CreateScreenShotsFolder   – screenshots folder path:=>D:\osvsatmosphere\OSVAtmosQAAutomation\Automation_Report\OutPut\screenshots
ZENQ\rupesh.barnawal  [ INFO]  05:28:49 27-03-19   .ctor   – Initializing waits..
ZENQ\rupesh.barnawal  [ INFO]  05:28:49 27-03-19   SetUpTest   – Starting Execution of Scenario:=>Verification of UI elements of Login page in Feature:LoginHomeMyAccountTax
ZENQ\rupesh.barnawal  [ INFO]  05:28:49 27-03-19   InitChromeDriver   – Launching google chrome with new profile..
ZENQ\rupesh.barnawal  [ INFO]  05:28:49 27-03-19   InitChromeDriver   – chrome driver initialized..
ZENQ\rupesh.barnawal  [ INFO]  05:28:49 27-03-19   GetProjectLocation   – path is:=>D:\osvsatmosphere\OSVAtmosQAAutomation\OneAtmosphere
ZENQ\rupesh.barnawal  [ INFO]  05:29:01 27-03-19   .ctor   – Initializing waits..
ZENQ\rupesh.barnawal  [ INFO]  05:29:07 27-03-19   TakeScreenshot   – A generic error occurred in GDI+.   at System.Drawing.Image.Save(String filename, ImageCodecInfo encoder, EncoderParameters encoderParams)
   at OpenQA.Selenium.Screenshot.SaveAsFile(String fileName, ImageFormat format)
   at SeleniumAutomation.Utilities.AutomationUtilities.TakeScreenshot(IWebDriver driver, String screenshotPath) in D:\osvsatmosphere\OSVAtmosQAAutomation\OneAtmosphere\Utilities\Generic\Utilities.cs:line 529
ZENQ\rupesh.barnawal  [ INFO]  05:29:07 27-03-19   TearDown   – An error ocurred:  'OSV Employee? Click Here' link does not exists in 'Login' page
  Expected: True
  But was:  False

ZENQ\rupesh.barnawal  [ INFO]  05:29:07 27-03-19   TearDown   – It was of type:AssertionException
ZENQ\rupesh.barnawal  [ INFO]  05:29:07 27-03-19   GetProjectLocation   – path is:=>D:\osvsatmosphere\OSVAtmosQAAutomation\OneAtmosphere
ZENQ\rupesh.barnawal  [ INFO]  05:29:07 27-03-19   GetAutomationReportsFolder   – ==========> Automation Reports folder directory is:=>D:\osvsatmosphere\OSVAtmosQAAutomation\Automation_Report
ZENQ\rupesh.barnawal  [ INFO]  05:37:11 27-03-19   GetProjectLocation   – path is:=>D:\osvsatmosphere\OSVAtmosQAAutomation\OneAtmosphere
ZENQ\rupesh.barnawal  [ INFO]  05:37:11 27-03-19   GetAutomationReportsFolder   – ==========> Automation Reports folder directory is:=>D:\osvsatmosphere\OSVAtmosQAAutomation\Automation_Report
ZENQ\rupesh.barnawal  [ INFO]  05:37:11 27-03-19   GetProjectLocation   – path is:=>D:\osvsatmosphere\OSVAtmosQAAutomation\OneAtmosphere
ZENQ\rupesh.barnawal  [ INFO]  05:37:11 27-03-19   GetProjectLocation   – path is:=>D:\osvsatmosphere\OSVAtmosQAAutomation\OneAtmosphere
ZENQ\rupesh.barnawal  [ INFO]  05:37:11 27-03-19   CreateReportsDirectory   – ===>Created the customer reports path is:=>D:\osvsatmosphere\OSVAtmosQAAutomation\Automation_Report\CustomReport\Reports_On_03-27-19
ZENQ\rupesh.barnawal  [ INFO]  05:37:11 27-03-19   GetProjectLocation   – path is:=>D:\osvsatmosphere\OSVAtmosQAAutomation\OneAtmosphere
ZENQ\rupesh.barnawal  [ INFO]  05:37:11 27-03-19   CreateScreenShotsFolder   – screenshots folder path:=>D:\osvsatmosphere\OSVAtmosQAAutomation\Automation_Report\OutPut\screenshots
ZENQ\rupesh.barnawal  [ INFO]  05:37:11 27-03-19   .ctor   – Initializing waits..
ZENQ\rupesh.barnawal  [ INFO]  05:37:12 27-03-19   SetUpTest   – Starting Execution of Scenario:=>Verification of UI elements of Login page in Feature:LoginHomeMyAccountTax
ZENQ\rupesh.barnawal  [ INFO]  05:37:12 27-03-19   InitChromeDriver   – Launching google chrome with new profile..
ZENQ\rupesh.barnawal  [ INFO]  05:37:12 27-03-19   InitChromeDriver   – chrome driver initialized..
ZENQ\rupesh.barnawal  [ INFO]  05:37:12 27-03-19   GetProjectLocation   – path is:=>D:\osvsatmosphere\OSVAtmosQAAutomation\OneAtmosphere
ZENQ\rupesh.barnawal  [ INFO]  05:37:24 27-03-19   .ctor   – Initializing waits..
ZENQ\rupesh.barnawal  [ INFO]  05:37:30 27-03-19   TakeScreenshot   – A generic error occurred in GDI+.   at System.Drawing.Image.Save(String filename, ImageCodecInfo encoder, EncoderParameters encoderParams)
   at OpenQA.Selenium.Screenshot.SaveAsFile(String fileName, ImageFormat format)
   at SeleniumAutomation.Utilities.AutomationUtilities.TakeScreenshot(IWebDriver driver, String screenshotPath) in D:\osvsatmosphere\OSVAtmosQAAutomation\OneAtmosphere\Utilities\Generic\Utilities.cs:line 529
ZENQ\rupesh.barnawal  [ INFO]  05:37:30 27-03-19   TearDown   – An error ocurred:  'OSV Employee? Click Here' link does not exists in 'Login' page
  Expected: True
  But was:  False

ZENQ\rupesh.barnawal  [ INFO]  05:37:30 27-03-19   TearDown   – It was of type:AssertionException
ZENQ\rupesh.barnawal  [ INFO]  05:37:30 27-03-19   GetProjectLocation   – path is:=>D:\osvsatmosphere\OSVAtmosQAAutomation\OneAtmosphere
ZENQ\rupesh.barnawal  [ INFO]  05:37:30 27-03-19   GetAutomationReportsFolder   – ==========> Automation Reports folder directory is:=>D:\osvsatmosphere\OSVAtmosQAAutomation\Automation_Report
ZENQ\rupesh.barnawal  [ INFO]  05:53:38 27-03-19   GetProjectLocation   – path is:=>D:\osvsatmosphere\OSVAtmosQAAutomation\OneAtmosphere
ZENQ\rupesh.barnawal  [ INFO]  05:53:38 27-03-19   GetAutomationReportsFolder   – ==========> Automation Reports folder directory is:=>D:\osvsatmosphere\OSVAtmosQAAutomation\Automation_Report
ZENQ\rupesh.barnawal  [ INFO]  05:53:38 27-03-19   GetProjectLocation   – path is:=>D:\osvsatmosphere\OSVAtmosQAAutomation\OneAtmosphere
ZENQ\rupesh.barnawal  [ INFO]  05:53:38 27-03-19   GetProjectLocation   – path is:=>D:\osvsatmosphere\OSVAtmosQAAutomation\OneAtmosphere
ZENQ\rupesh.barnawal  [ INFO]  05:53:38 27-03-19   CreateReportsDirectory   – ===>Created the customer reports path is:=>D:\osvsatmosphere\OSVAtmosQAAutomation\Automation_Report\CustomReport\Reports_On_03-27-19
ZENQ\rupesh.barnawal  [ INFO]  05:53:38 27-03-19   GetProjectLocation   – path is:=>D:\osvsatmosphere\OSVAtmosQAAutomation\OneAtmosphere
ZENQ\rupesh.barnawal  [ INFO]  05:53:38 27-03-19   CreateScreenShotsFolder   – screenshots folder path:=>D:\osvsatmosphere\OSVAtmosQAAutomation\Automation_Report\OutPut\screenshots
ZENQ\rupesh.barnawal  [ INFO]  05:53:38 27-03-19   .ctor   – Initializing waits..
ZENQ\rupesh.barnawal  [ INFO]  05:53:38 27-03-19   SetUpTest   – Starting Execution of Scenario:=>Verification of UI elements of Login page in Feature:LoginHomeMyAccountTax
ZENQ\rupesh.barnawal  [ INFO]  05:53:39 27-03-19   InitChromeDriver   – Launching google chrome with new profile..
ZENQ\rupesh.barnawal  [ INFO]  05:53:39 27-03-19   InitChromeDriver   – chrome driver initialized..
ZENQ\rupesh.barnawal  [ INFO]  05:53:39 27-03-19   GetProjectLocation   – path is:=>D:\osvsatmosphere\OSVAtmosQAAutomation\OneAtmosphere
ZENQ\rupesh.barnawal  [ INFO]  05:53:52 27-03-19   .ctor   – Initializing waits..
ZENQ\rupesh.barnawal  [ INFO]  05:54:01 27-03-19   TakeScreenshot   – A exception with a null response was thrown sending an HTTP request to the remote WebDriver server for URL http://localhost:49727/session//screenshot. The status of the exception was ConnectFailure, and the message was: Unable to connect to the remote server   at OpenQA.Selenium.Remote.HttpCommandExecutor.CreateResponse(WebRequest request)
   at OpenQA.Selenium.Remote.HttpCommandExecutor.Execute(Command commandToExecute)
   at OpenQA.Selenium.Remote.DriverServiceCommandExecutor.Execute(Command commandToExecute)
   at OpenQA.Selenium.Remote.RemoteWebDriver.Execute(String driverCommandToExecute, Dictionary`2 parameters)
   at OpenQA.Selenium.Remote.RemoteWebDriver.GetScreenshot()
   at SeleniumAutomation.Utilities.AutomationUtilities.TakeScreenshot(IWebDriver driver, String screenshotPath) in D:\osvsatmosphere\OSVAtmosQAAutomation\OneAtmosphere\Utilities\Generic\Utilities.cs:line 525
ZENQ\rupesh.barnawal  [ INFO]  05:54:02 27-03-19   TearDown   – An error ocurred:  'OSV Employee? Click Here' link does not exists in 'Login' page
  Expected: True
  But was:  False

ZENQ\rupesh.barnawal  [ INFO]  05:54:02 27-03-19   TearDown   – It was of type:AssertionException
ZENQ\rupesh.barnawal  [ INFO]  05:54:02 27-03-19   GetProjectLocation   – path is:=>D:\osvsatmosphere\OSVAtmosQAAutomation\OneAtmosphere
ZENQ\rupesh.barnawal  [ INFO]  05:54:02 27-03-19   GetAutomationReportsFolder   – ==========> Automation Reports folder directory is:=>D:\osvsatmosphere\OSVAtmosQAAutomation\Automation_Report
ZENQ\rupesh.barnawal  [ INFO]  06:15:39 27-03-19   GetProjectLocation   – path is:=>D:\osvsatmosphere\OSVAtmosQAAutomation\OneAtmosphere
ZENQ\rupesh.barnawal  [ INFO]  06:15:39 27-03-19   GetAutomationReportsFolder   – ==========> Automation Reports folder directory is:=>D:\osvsatmosphere\OSVAtmosQAAutomation\Automation_Report
ZENQ\rupesh.barnawal  [ INFO]  06:15:40 27-03-19   GetProjectLocation   – path is:=>D:\osvsatmosphere\OSVAtmosQAAutomation\OneAtmosphere
ZENQ\rupesh.barnawal  [ INFO]  06:15:40 27-03-19   GetProjectLocation   – path is:=>D:\osvsatmosphere\OSVAtmosQAAutomation\OneAtmosphere
ZENQ\rupesh.barnawal  [ INFO]  06:15:40 27-03-19   CreateReportsDirectory   – ===>Created the customer reports path is:=>D:\osvsatmosphere\OSVAtmosQAAutomation\Automation_Report\CustomReport\Reports_On_03-27-19
ZENQ\rupesh.barnawal  [ INFO]  06:15:40 27-03-19   GetProjectLocation   – path is:=>D:\osvsatmosphere\OSVAtmosQAAutomation\OneAtmosphere
ZENQ\rupesh.barnawal  [ INFO]  06:15:40 27-03-19   CreateScreenShotsFolder   – screenshots folder path:=>D:\osvsatmosphere\OSVAtmosQAAutomation\Automation_Report\OutPut\screenshots
ZENQ\rupesh.barnawal  [ INFO]  06:15:40 27-03-19   .ctor   – Initializing waits..
ZENQ\rupesh.barnawal  [ INFO]  06:15:40 27-03-19   SetUpTest   – Starting Execution of Scenario:=>Verification of UI elements of Login page in Feature:LoginHomeMyAccountTax
ZENQ\rupesh.barnawal  [ INFO]  06:15:40 27-03-19   InitChromeDriver   – Launching google chrome with new profile..
ZENQ\rupesh.barnawal  [ INFO]  06:15:40 27-03-19   InitChromeDriver   – chrome driver initialized..
ZENQ\rupesh.barnawal  [ INFO]  06:15:40 27-03-19   GetProjectLocation   – path is:=>D:\osvsatmosphere\OSVAtmosQAAutomation\OneAtmosphere
ZENQ\rupesh.barnawal  [ INFO]  06:15:54 27-03-19   .ctor   – Initializing waits..
ZENQ\rupesh.barnawal  [ INFO]  06:15:59 27-03-19   TakeScreenshot   – A generic error occurred in GDI+.   at System.Drawing.Image.Save(String filename, ImageCodecInfo encoder, EncoderParameters encoderParams)
   at OpenQA.Selenium.Screenshot.SaveAsFile(String fileName, ImageFormat format)
   at SeleniumAutomation.Utilities.AutomationUtilities.TakeScreenshot(IWebDriver driver, String screenshotPath) in D:\osvsatmosphere\OSVAtmosQAAutomation\OneAtmosphere\Utilities\Generic\Utilities.cs:line 529
ZENQ\rupesh.barnawal  [ INFO]  06:15:59 27-03-19   TearDown   – An error ocurred:  'OSV Employee? Click Here' link does not exists in 'Login' page
  Expected: True
  But was:  False

ZENQ\rupesh.barnawal  [ INFO]  06:15:59 27-03-19   TearDown   – It was of type:AssertionException
ZENQ\rupesh.barnawal  [ INFO]  06:15:59 27-03-19   GetProjectLocation   – path is:=>D:\osvsatmosphere\OSVAtmosQAAutomation\OneAtmosphere
ZENQ\rupesh.barnawal  [ INFO]  06:15:59 27-03-19   GetAutomationReportsFolder   – ==========> Automation Reports folder directory is:=>D:\osvsatmosphere\OSVAtmosQAAutomation\Automation_Report
ZENQ\rupesh.barnawal  [ INFO]  06:20:46 27-03-19   GetProjectLocation   – path is:=>D:\osvsatmosphere\OSVAtmosQAAutomation\OneAtmosphere
ZENQ\rupesh.barnawal  [ INFO]  06:20:46 27-03-19   GetAutomationReportsFolder   – ==========> Automation Reports folder directory is:=>D:\osvsatmosphere\OSVAtmosQAAutomation\Automation_Report
ZENQ\rupesh.barnawal  [ INFO]  06:20:46 27-03-19   GetProjectLocation   – path is:=>D:\osvsatmosphere\OSVAtmosQAAutomation\OneAtmosphere
ZENQ\rupesh.barnawal  [ INFO]  06:20:46 27-03-19   GetProjectLocation   – path is:=>D:\osvsatmosphere\OSVAtmosQAAutomation\OneAtmosphere
ZENQ\rupesh.barnawal  [ INFO]  06:20:46 27-03-19   CreateReportsDirectory   – ===>Created the customer reports path is:=>D:\osvsatmosphere\OSVAtmosQAAutomation\Automation_Report\CustomReport\Reports_On_03-27-19
ZENQ\rupesh.barnawal  [ INFO]  06:20:46 27-03-19   GetProjectLocation   – path is:=>D:\osvsatmosphere\OSVAtmosQAAutomation\OneAtmosphere
ZENQ\rupesh.barnawal  [ INFO]  06:20:46 27-03-19   CreateScreenShotsFolder   – screenshots folder path:=>D:\osvsatmosphere\OSVAtmosQAAutomation\Automation_Report\OutPut\screenshots
ZENQ\rupesh.barnawal  [ INFO]  06:20:46 27-03-19   .ctor   – Initializing waits..
ZENQ\rupesh.barnawal  [ INFO]  06:20:46 27-03-19   SetUpTest   – Starting Execution of Scenario:=>Verification of UI elements of Login page in Feature:LoginHomeMyAccountTax
ZENQ\rupesh.barnawal  [ INFO]  06:20:46 27-03-19   InitChromeDriver   – Launching google chrome with new profile..
ZENQ\rupesh.barnawal  [ INFO]  06:20:46 27-03-19   InitChromeDriver   – chrome driver initialized..
ZENQ\rupesh.barnawal  [ INFO]  06:20:46 27-03-19   GetProjectLocation   – path is:=>D:\osvsatmosphere\OSVAtmosQAAutomation\OneAtmosphere
ZENQ\rupesh.barnawal  [ INFO]  06:21:00 27-03-19   .ctor   – Initializing waits..
ZENQ\rupesh.barnawal  [ INFO]  06:21:06 27-03-19   TakeScreenshot   – A generic error occurred in GDI+.   at System.Drawing.Image.Save(String filename, ImageCodecInfo encoder, EncoderParameters encoderParams)
   at OpenQA.Selenium.Screenshot.SaveAsFile(String fileName, ImageFormat format)
   at SeleniumAutomation.Utilities.AutomationUtilities.TakeScreenshot(IWebDriver driver, String screenshotPath) in D:\osvsatmosphere\OSVAtmosQAAutomation\OneAtmosphere\Utilities\Generic\Utilities.cs:line 529
ZENQ\rupesh.barnawal  [ INFO]  06:21:06 27-03-19   TearDown   – An error ocurred:  'OSV Employee? Click Here' link does not exists in 'Login' page
  Expected: True
  But was:  False

ZENQ\rupesh.barnawal  [ INFO]  06:21:06 27-03-19   TearDown   – It was of type:AssertionException
ZENQ\rupesh.barnawal  [ INFO]  06:21:06 27-03-19   GetProjectLocation   – path is:=>D:\osvsatmosphere\OSVAtmosQAAutomation\OneAtmosphere
ZENQ\rupesh.barnawal  [ INFO]  06:21:06 27-03-19   GetAutomationReportsFolder   – ==========> Automation Reports folder directory is:=>D:\osvsatmosphere\OSVAtmosQAAutomation\Automation_Report
ZENQ\rupesh.barnawal  [ INFO]  06:26:46 27-03-19   GetProjectLocation   – path is:=>D:\osvsatmosphere\OSVAtmosQAAutomation\OneAtmosphere
ZENQ\rupesh.barnawal  [ INFO]  06:26:46 27-03-19   GetAutomationReportsFolder   – ==========> Automation Reports folder directory is:=>D:\osvsatmosphere\OSVAtmosQAAutomation\Automation_Report
ZENQ\rupesh.barnawal  [ INFO]  06:26:46 27-03-19   GetProjectLocation   – path is:=>D:\osvsatmosphere\OSVAtmosQAAutomation\OneAtmosphere
ZENQ\rupesh.barnawal  [ INFO]  06:26:47 27-03-19   GetProjectLocation   – path is:=>D:\osvsatmosphere\OSVAtmosQAAutomation\OneAtmosphere
ZENQ\rupesh.barnawal  [ INFO]  06:26:47 27-03-19   CreateReportsDirectory   – ===>Created the customer reports path is:=>D:\osvsatmosphere\OSVAtmosQAAutomation\Automation_Report\CustomReport\Reports_On_03-27-19
ZENQ\rupesh.barnawal  [ INFO]  06:26:47 27-03-19   GetProjectLocation   – path is:=>D:\osvsatmosphere\OSVAtmosQAAutomation\OneAtmosphere
ZENQ\rupesh.barnawal  [ INFO]  06:26:47 27-03-19   CreateScreenShotsFolder   – screenshots folder path:=>D:\osvsatmosphere\OSVAtmosQAAutomation\Automation_Report\OutPut\screenshots
ZENQ\rupesh.barnawal  [ INFO]  06:26:47 27-03-19   .ctor   – Initializing waits..
ZENQ\rupesh.barnawal  [ INFO]  06:26:47 27-03-19   SetUpTest   – Starting Execution of Scenario:=>Verification of UI elements of Login page in Feature:LoginHomeMyAccountTax
ZENQ\rupesh.barnawal  [ INFO]  06:26:47 27-03-19   InitChromeDriver   – Launching google chrome with new profile..
ZENQ\rupesh.barnawal  [ INFO]  06:26:47 27-03-19   InitChromeDriver   – chrome driver initialized..
ZENQ\rupesh.barnawal  [ INFO]  06:26:47 27-03-19   GetProjectLocation   – path is:=>D:\osvsatmosphere\OSVAtmosQAAutomation\OneAtmosphere
ZENQ\rupesh.barnawal  [ INFO]  06:27:00 27-03-19   .ctor   – Initializing waits..
ZENQ\rupesh.barnawal  [ INFO]  06:27:06 27-03-19   TakeScreenshot   – A generic error occurred in GDI+.   at System.Drawing.Image.Save(String filename, ImageCodecInfo encoder, EncoderParameters encoderParams)
   at System.Drawing.Image.Save(String filename, ImageFormat format)
   at OpenQA.Selenium.Screenshot.SaveAsFile(String fileName, ImageFormat format)
   at OpenQA.Selenium.Screenshot.SaveAsFile(String fileName, ScreenshotImageFormat format)
   at SeleniumAutomation.Utilities.AutomationUtilities.TakeScreenshot(IWebDriver driver, String screenshotPath) in D:\osvsatmosphere\OSVAtmosQAAutomation\OneAtmosphere\Utilities\Generic\Utilities.cs:line 529
ZENQ\rupesh.barnawal  [ INFO]  06:27:06 27-03-19   TearDown   – An error ocurred:  'OSV Employee? Click Here' link does not exists in 'Login' page
  Expected: True
  But was:  False

ZENQ\rupesh.barnawal  [ INFO]  06:27:06 27-03-19   TearDown   – It was of type:AssertionException
ZENQ\rupesh.barnawal  [ INFO]  06:27:06 27-03-19   GetProjectLocation   – path is:=>D:\osvsatmosphere\OSVAtmosQAAutomation\OneAtmosphere
ZENQ\rupesh.barnawal  [ INFO]  06:27:06 27-03-19   GetAutomationReportsFolder   – ==========> Automation Reports folder directory is:=>D:\osvsatmosphere\OSVAtmosQAAutomation\Automation_Report
ZENQ\rupesh.barnawal  [ INFO]  06:28:52 27-03-19   GetProjectLocation   – path is:=>D:\osvsatmosphere\OSVAtmosQAAutomation\OneAtmosphere
ZENQ\rupesh.barnawal  [ INFO]  06:28:52 27-03-19   GetAutomationReportsFolder   – ==========> Automation Reports folder directory is:=>D:\osvsatmosphere\OSVAtmosQAAutomation\Automation_Report
ZENQ\rupesh.barnawal  [ INFO]  06:28:52 27-03-19   GetProjectLocation   – path is:=>D:\osvsatmosphere\OSVAtmosQAAutomation\OneAtmosphere
ZENQ\rupesh.barnawal  [ INFO]  06:28:52 27-03-19   GetProjectLocation   – path is:=>D:\osvsatmosphere\OSVAtmosQAAutomation\OneAtmosphere
ZENQ\rupesh.barnawal  [ INFO]  06:28:52 27-03-19   CreateReportsDirectory   – ===>Created the customer reports path is:=>D:\osvsatmosphere\OSVAtmosQAAutomation\Automation_Report\CustomReport\Reports_On_03-27-19
ZENQ\rupesh.barnawal  [ INFO]  06:28:52 27-03-19   GetProjectLocation   – path is:=>D:\osvsatmosphere\OSVAtmosQAAutomation\OneAtmosphere
ZENQ\rupesh.barnawal  [ INFO]  06:28:52 27-03-19   CreateScreenShotsFolder   – screenshots folder path:=>D:\osvsatmosphere\OSVAtmosQAAutomation\Automation_Report\OutPut\screenshots
ZENQ\rupesh.barnawal  [ INFO]  06:28:52 27-03-19   .ctor   – Initializing waits..
ZENQ\rupesh.barnawal  [ INFO]  06:28:52 27-03-19   SetUpTest   – Starting Execution of Scenario:=>Verification of UI elements of Login page in Feature:LoginHomeMyAccountTax
ZENQ\rupesh.barnawal  [ INFO]  06:28:52 27-03-19   InitChromeDriver   – Launching google chrome with new profile..
ZENQ\rupesh.barnawal  [ INFO]  06:28:52 27-03-19   InitChromeDriver   – chrome driver initialized..
ZENQ\rupesh.barnawal  [ INFO]  06:28:52 27-03-19   GetProjectLocation   – path is:=>D:\osvsatmosphere\OSVAtmosQAAutomation\OneAtmosphere
ZENQ\rupesh.barnawal  [ INFO]  06:29:04 27-03-19   .ctor   – Initializing waits..
ZENQ\rupesh.barnawal  [ INFO]  06:29:10 27-03-19   TakeScreenshot   – A generic error occurred in GDI+.   at System.Drawing.Image.Save(String filename, ImageCodecInfo encoder, EncoderParameters encoderParams)
   at OpenQA.Selenium.Screenshot.SaveAsFile(String fileName, ImageFormat format)
   at SeleniumAutomation.Utilities.AutomationUtilities.TakeScreenshot(IWebDriver driver, String screenshotPath) in D:\osvsatmosphere\OSVAtmosQAAutomation\OneAtmosphere\Utilities\Generic\Utilities.cs:line 529
ZENQ\rupesh.barnawal  [ INFO]  06:29:10 27-03-19   TearDown   – An error ocurred:  'OSV Employee? Click Here' link does not exists in 'Login' page
  Expected: True
  But was:  False

ZENQ\rupesh.barnawal  [ INFO]  06:29:10 27-03-19   TearDown   – It was of type:AssertionException
ZENQ\rupesh.barnawal  [ INFO]  06:29:11 27-03-19   GetProjectLocation   – path is:=>D:\osvsatmosphere\OSVAtmosQAAutomation\OneAtmosphere
ZENQ\rupesh.barnawal  [ INFO]  06:29:11 27-03-19   GetAutomationReportsFolder   – ==========> Automation Reports folder directory is:=>D:\osvsatmosphere\OSVAtmosQAAutomation\Automation_Report
ZENQ\rupesh.barnawal  [ INFO]  06:34:58 27-03-19   GetProjectLocation   – path is:=>D:\osvsatmosphere\OSVAtmosQAAutomation\OneAtmosphere
ZENQ\rupesh.barnawal  [ INFO]  06:34:58 27-03-19   GetAutomationReportsFolder   – ==========> Automation Reports folder directory is:=>D:\osvsatmosphere\OSVAtmosQAAutomation\Automation_Report
ZENQ\rupesh.barnawal  [ INFO]  06:34:59 27-03-19   GetProjectLocation   – path is:=>D:\osvsatmosphere\OSVAtmosQAAutomation\OneAtmosphere
ZENQ\rupesh.barnawal  [ INFO]  06:34:59 27-03-19   GetProjectLocation   – path is:=>D:\osvsatmosphere\OSVAtmosQAAutomation\OneAtmosphere
ZENQ\rupesh.barnawal  [ INFO]  06:34:59 27-03-19   CreateReportsDirectory   – ===>Created the customer reports path is:=>D:\osvsatmosphere\OSVAtmosQAAutomation\Automation_Report\CustomReport\Reports_On_03-27-19
ZENQ\rupesh.barnawal  [ INFO]  06:34:59 27-03-19   GetProjectLocation   – path is:=>D:\osvsatmosphere\OSVAtmosQAAutomation\OneAtmosphere
ZENQ\rupesh.barnawal  [ INFO]  06:34:59 27-03-19   CreateScreenShotsFolder   – screenshots folder path:=>D:\osvsatmosphere\OSVAtmosQAAutomation\Automation_Report\OutPut\screenshots
ZENQ\rupesh.barnawal  [ INFO]  06:34:59 27-03-19   .ctor   – Initializing waits..
ZENQ\rupesh.barnawal  [ INFO]  06:34:59 27-03-19   SetUpTest   – Starting Execution of Scenario:=>Verification of UI elements of Login page in Feature:LoginHomeMyAccountTax
ZENQ\rupesh.barnawal  [ INFO]  06:34:59 27-03-19   InitChromeDriver   – Launching google chrome with new profile..
ZENQ\rupesh.barnawal  [ INFO]  06:34:59 27-03-19   InitChromeDriver   – chrome driver initialized..
ZENQ\rupesh.barnawal  [ INFO]  06:34:59 27-03-19   GetProjectLocation   – path is:=>D:\osvsatmosphere\OSVAtmosQAAutomation\OneAtmosphere
ZENQ\rupesh.barnawal  [ INFO]  06:35:17 27-03-19   .ctor   – Initializing waits..
ZENQ\rupesh.barnawal  [ INFO]  06:35:23 27-03-19   TakeScreenshot   – A generic error occurred in GDI+.   at System.Drawing.Image.Save(String filename, ImageCodecInfo encoder, EncoderParameters encoderParams)
   at OpenQA.Selenium.Screenshot.SaveAsFile(String fileName, ImageFormat format)
   at SeleniumAutomation.Utilities.AutomationUtilities.TakeScreenshot(IWebDriver driver, String screenshotPath) in D:\osvsatmosphere\OSVAtmosQAAutomation\OneAtmosphere\Utilities\Generic\Utilities.cs:line 529
ZENQ\rupesh.barnawal  [ INFO]  06:35:23 27-03-19   TearDown   – An error ocurred:  'OSV Employee? Click Here' link does not exists in 'Login' page
  Expected: True
  But was:  False

ZENQ\rupesh.barnawal  [ INFO]  06:35:23 27-03-19   TearDown   – It was of type:AssertionException
ZENQ\rupesh.barnawal  [ INFO]  06:35:24 27-03-19   GetProjectLocation   – path is:=>D:\osvsatmosphere\OSVAtmosQAAutomation\OneAtmosphere
ZENQ\rupesh.barnawal  [ INFO]  06:35:24 27-03-19   GetAutomationReportsFolder   – ==========> Automation Reports folder directory is:=>D:\osvsatmosphere\OSVAtmosQAAutomation\Automation_Report
ZENQ\rupesh.barnawal  [ INFO]  06:47:59 27-03-19   GetProjectLocation   – path is:=>D:\osvsatmosphere\OSVAtmosQAAutomation\OneAtmosphere
ZENQ\rupesh.barnawal  [ INFO]  06:47:59 27-03-19   GetAutomationReportsFolder   – ==========> Automation Reports folder directory is:=>D:\osvsatmosphere\OSVAtmosQAAutomation\Automation_Report
ZENQ\rupesh.barnawal  [ INFO]  06:47:59 27-03-19   GetProjectLocation   – path is:=>D:\osvsatmosphere\OSVAtmosQAAutomation\OneAtmosphere
ZENQ\rupesh.barnawal  [ INFO]  06:47:59 27-03-19   GetProjectLocation   – path is:=>D:\osvsatmosphere\OSVAtmosQAAutomation\OneAtmosphere
ZENQ\rupesh.barnawal  [ INFO]  06:47:59 27-03-19   CreateReportsDirectory   – ===>Created the customer reports path is:=>D:\osvsatmosphere\OSVAtmosQAAutomation\Automation_Report\CustomReport\Reports_On_03-27-19
ZENQ\rupesh.barnawal  [ INFO]  06:48:00 27-03-19   GetProjectLocation   – path is:=>D:\osvsatmosphere\OSVAtmosQAAutomation\OneAtmosphere
ZENQ\rupesh.barnawal  [ INFO]  06:48:00 27-03-19   CreateScreenShotsFolder   – screenshots folder path:=>D:\osvsatmosphere\OSVAtmosQAAutomation\Automation_Report\OutPut\screenshots
ZENQ\rupesh.barnawal  [ INFO]  06:48:00 27-03-19   .ctor   – Initializing waits..
ZENQ\rupesh.barnawal  [ INFO]  06:48:00 27-03-19   SetUpTest   – Starting Execution of Scenario:=>Verification of UI elements of Login page in Feature:LoginHomeMyAccountTax
ZENQ\rupesh.barnawal  [ INFO]  06:48:00 27-03-19   InitChromeDriver   – Launching google chrome with new profile..
ZENQ\rupesh.barnawal  [ INFO]  06:48:00 27-03-19   InitChromeDriver   – chrome driver initialized..
ZENQ\rupesh.barnawal  [ INFO]  06:48:00 27-03-19   GetProjectLocation   – path is:=>D:\osvsatmosphere\OSVAtmosQAAutomation\OneAtmosphere
ZENQ\rupesh.barnawal  [ INFO]  06:48:17 27-03-19   .ctor   – Initializing waits..
ZENQ\rupesh.barnawal  [ INFO]  06:48:22 27-03-19   TakeScreenshot   – A generic error occurred in GDI+.   at System.Drawing.Image.Save(String filename, ImageCodecInfo encoder, EncoderParameters encoderParams)
   at System.Drawing.Image.Save(String filename, ImageFormat format)
   at OpenQA.Selenium.Screenshot.SaveAsFile(String fileName, ImageFormat format)
   at OpenQA.Selenium.Screenshot.SaveAsFile(String fileName, ScreenshotImageFormat format)
   at SeleniumAutomation.Utilities.AutomationUtilities.TakeScreenshot(IWebDriver driver, String screenshotPath) in D:\osvsatmosphere\OSVAtmosQAAutomation\OneAtmosphere\Utilities\Generic\Utilities.cs:line 529
ZENQ\rupesh.barnawal  [ INFO]  06:48:22 27-03-19   TearDown   – An error ocurred:  'OSV Employee? Click Here' link does not exists in 'Login' page
  Expected: True
  But was:  False

ZENQ\rupesh.barnawal  [ INFO]  06:48:22 27-03-19   TearDown   – It was of type:AssertionException
ZENQ\rupesh.barnawal  [ INFO]  06:48:23 27-03-19   GetProjectLocation   – path is:=>D:\osvsatmosphere\OSVAtmosQAAutomation\OneAtmosphere
ZENQ\rupesh.barnawal  [ INFO]  06:48:23 27-03-19   GetAutomationReportsFolder   – ==========> Automation Reports folder directory is:=>D:\osvsatmosphere\OSVAtmosQAAutomation\Automation_Report
ZENQ\rupesh.barnawal  [ INFO]  06:50:40 27-03-19   GetProjectLocation   – path is:=>D:\osvsatmosphere\OSVAtmosQAAutomation\OneAtmosphere
ZENQ\rupesh.barnawal  [ INFO]  06:50:40 27-03-19   GetAutomationReportsFolder   – ==========> Automation Reports folder directory is:=>D:\osvsatmosphere\OSVAtmosQAAutomation\Automation_Report
ZENQ\rupesh.barnawal  [ INFO]  06:50:40 27-03-19   GetProjectLocation   – path is:=>D:\osvsatmosphere\OSVAtmosQAAutomation\OneAtmosphere
ZENQ\rupesh.barnawal  [ INFO]  06:50:40 27-03-19   GetProjectLocation   – path is:=>D:\osvsatmosphere\OSVAtmosQAAutomation\OneAtmosphere
ZENQ\rupesh.barnawal  [ INFO]  06:50:40 27-03-19   CreateReportsDirectory   – ===>Created the customer reports path is:=>D:\osvsatmosphere\OSVAtmosQAAutomation\Automation_Report\CustomReport\Reports_On_03-27-19
ZENQ\rupesh.barnawal  [ INFO]  06:50:40 27-03-19   GetProjectLocation   – path is:=>D:\osvsatmosphere\OSVAtmosQAAutomation\OneAtmosphere
ZENQ\rupesh.barnawal  [ INFO]  06:50:40 27-03-19   CreateScreenShotsFolder   – screenshots folder path:=>D:\osvsatmosphere\OSVAtmosQAAutomation\Automation_Report\OutPut\screenshots
ZENQ\rupesh.barnawal  [ INFO]  06:50:40 27-03-19   .ctor   – Initializing waits..
ZENQ\rupesh.barnawal  [ INFO]  06:50:40 27-03-19   SetUpTest   – Starting Execution of Scenario:=>Login and Logout verification in OneAtmos site in Feature:LoginHomeMyAccountTax
ZENQ\rupesh.barnawal  [ INFO]  06:50:40 27-03-19   InitChromeDriver   – Launching google chrome with new profile..
ZENQ\rupesh.barnawal  [ INFO]  06:50:40 27-03-19   InitChromeDriver   – chrome driver initialized..
ZENQ\rupesh.barnawal  [ INFO]  06:50:41 27-03-19   GetProjectLocation   – path is:=>D:\osvsatmosphere\OSVAtmosQAAutomation\OneAtmosphere
ZENQ\rupesh.barnawal  [ INFO]  06:50:55 27-03-19   .ctor   – Initializing waits..
ZENQ\rupesh.barnawal  [ INFO]  06:50:55 27-03-19   LoginIntoOneAtmos   – this is login page
ZENQ\rupesh.barnawal  [ INFO]  06:50:55 27-03-19   EnterUserName   – type text in username field
ZENQ\rupesh.barnawal  [ INFO]  06:50:55 27-03-19   FindElement   – Waiting for element: By.XPath: //input[@type='text'] for 30 seconds
ZENQ\rupesh.barnawal  [ INFO]  06:50:56 27-03-19   SafeType   – Entered text testatmosuser@gmail.com in the field By.XPath: //input[@type='text']
ZENQ\rupesh.barnawal  [ INFO]  06:50:56 27-03-19   EnterUserName   – Entered the UserName in username
ZENQ\rupesh.barnawal  [ INFO]  06:50:56 27-03-19   EnterPassword   – Type password in password field
ZENQ\rupesh.barnawal  [ INFO]  06:50:56 27-03-19   FindElement   – Waiting for element: By.XPath: //input[@type='password'] for 30 seconds
ZENQ\rupesh.barnawal  [ INFO]  06:50:56 27-03-19   SafeType   – Entered text Second@123! in the field By.XPath: //input[@type='password']
ZENQ\rupesh.barnawal  [ INFO]  06:50:56 27-03-19   EnterPassword   – Entered the password in password field
ZENQ\rupesh.barnawal  [ INFO]  06:50:56 27-03-19   ClickSIGNINButton   – click on SIGN IN button
ZENQ\rupesh.barnawal  [ INFO]  06:50:56 27-03-19   FindElement   – Waiting for element: By.XPath: //span[contains(@class,'label bBody')] for 60 seconds
ZENQ\rupesh.barnawal  [ INFO]  06:50:56 27-03-19   SafeNormalClick   – Clicked on element By.XPath: //span[contains(@class,'label bBody')]
ZENQ\rupesh.barnawal  [ INFO]  06:50:56 27-03-19   ClickSIGNINButton   – clicked on SIGN IN button
ZENQ\rupesh.barnawal  [ INFO]  06:50:56 27-03-19   WaitForPageToLoad   – Waiting until page load is complete..
ZENQ\rupesh.barnawal  [ INFO]  06:51:06 27-03-19   ClickSIGNINButton   – Login Failed. Could Not Navigate to Home Page ..
ZENQ\rupesh.barnawal  [ INFO]  06:51:07 27-03-19   TakeScreenshot   – A generic error occurred in GDI+.   at System.Drawing.Image.Save(String filename, ImageCodecInfo encoder, EncoderParameters encoderParams)
   at System.Drawing.Image.Save(String filename, ImageFormat format)
   at OpenQA.Selenium.Screenshot.SaveAsFile(String fileName, ImageFormat format)
   at OpenQA.Selenium.Screenshot.SaveAsFile(String fileName, ScreenshotImageFormat format)
   at SeleniumAutomation.Utilities.AutomationUtilities.TakeScreenshot(IWebDriver driver, String screenshotPath) in D:\osvsatmosphere\OSVAtmosQAAutomation\OneAtmosphere\Utilities\Generic\Utilities.cs:line 529
ZENQ\rupesh.barnawal  [ INFO]  06:51:07 27-03-19   TearDown   – An error ocurred:Login Failed. Could Not Navigate to Home Page ..
ZENQ\rupesh.barnawal  [ INFO]  06:51:07 27-03-19   TearDown   – It was of type:Exception
ZENQ\rupesh.barnawal  [ INFO]  06:51:07 27-03-19   GetProjectLocation   – path is:=>D:\osvsatmosphere\OSVAtmosQAAutomation\OneAtmosphere
ZENQ\rupesh.barnawal  [ INFO]  06:51:07 27-03-19   GetAutomationReportsFolder   – ==========> Automation Reports folder directory is:=>D:\osvsatmosphere\OSVAtmosQAAutomation\Automation_Report
ZENQ\rupesh.barnawal  [ INFO]  06:53:29 27-03-19   GetProjectLocation   – path is:=>D:\osvsatmosphere\OSVAtmosQAAutomation\OneAtmosphere
ZENQ\rupesh.barnawal  [ INFO]  06:53:29 27-03-19   GetAutomationReportsFolder   – ==========> Automation Reports folder directory is:=>D:\osvsatmosphere\OSVAtmosQAAutomation\Automation_Report
ZENQ\rupesh.barnawal  [ INFO]  06:53:30 27-03-19   GetProjectLocation   – path is:=>D:\osvsatmosphere\OSVAtmosQAAutomation\OneAtmosphere
ZENQ\rupesh.barnawal  [ INFO]  06:53:30 27-03-19   GetProjectLocation   – path is:=>D:\osvsatmosphere\OSVAtmosQAAutomation\OneAtmosphere
ZENQ\rupesh.barnawal  [ INFO]  06:53:30 27-03-19   CreateReportsDirectory   – ===>Created the customer reports path is:=>D:\osvsatmosphere\OSVAtmosQAAutomation\Automation_Report\CustomReport\Reports_On_03-27-19
ZENQ\rupesh.barnawal  [ INFO]  06:53:30 27-03-19   GetProjectLocation   – path is:=>D:\osvsatmosphere\OSVAtmosQAAutomation\OneAtmosphere
ZENQ\rupesh.barnawal  [ INFO]  06:53:30 27-03-19   CreateScreenShotsFolder   – screenshots folder path:=>D:\osvsatmosphere\OSVAtmosQAAutomation\Automation_Report\OutPut\screenshots
ZENQ\rupesh.barnawal  [ INFO]  06:53:30 27-03-19   .ctor   – Initializing waits..
ZENQ\rupesh.barnawal  [ INFO]  06:53:30 27-03-19   SetUpTest   – Starting Execution of Scenario:=>Verification of UI elements of Login page in Feature:LoginHomeMyAccountTax
ZENQ\rupesh.barnawal  [ INFO]  06:53:30 27-03-19   InitChromeDriver   – Launching google chrome with new profile..
ZENQ\rupesh.barnawal  [ INFO]  06:53:30 27-03-19   InitChromeDriver   – chrome driver initialized..
ZENQ\rupesh.barnawal  [ INFO]  06:53:30 27-03-19   GetProjectLocation   – path is:=>D:\osvsatmosphere\OSVAtmosQAAutomation\OneAtmosphere
ZENQ\rupesh.barnawal  [ INFO]  06:53:43 27-03-19   .ctor   – Initializing waits..
ZENQ\rupesh.barnawal  [ INFO]  06:53:49 27-03-19   TakeScreenshot   – A generic error occurred in GDI+.   at System.Drawing.Image.Save(String filename, ImageCodecInfo encoder, EncoderParameters encoderParams)
   at System.Drawing.Image.Save(String filename, ImageFormat format)
   at OpenQA.Selenium.Screenshot.SaveAsFile(String fileName, ImageFormat format)
   at OpenQA.Selenium.Screenshot.SaveAsFile(String fileName, ScreenshotImageFormat format)
   at SeleniumAutomation.Utilities.AutomationUtilities.TakeScreenshot(IWebDriver driver, String screenshotPath) in D:\osvsatmosphere\OSVAtmosQAAutomation\OneAtmosphere\Utilities\Generic\Utilities.cs:line 529
ZENQ\rupesh.barnawal  [ INFO]  06:53:49 27-03-19   TearDown   – An error ocurred:  'OSV Employee? Click Here' link does not exists in 'Login' page
  Expected: True
  But was:  False

ZENQ\rupesh.barnawal  [ INFO]  06:53:49 27-03-19   TearDown   – It was of type:AssertionException
ZENQ\rupesh.barnawal  [ INFO]  06:53:49 27-03-19   GetProjectLocation   – path is:=>D:\osvsatmosphere\OSVAtmosQAAutomation\OneAtmosphere
ZENQ\rupesh.barnawal  [ INFO]  06:53:49 27-03-19   GetAutomationReportsFolder   – ==========> Automation Reports folder directory is:=>D:\osvsatmosphere\OSVAtmosQAAutomation\Automation_Report
ZENQ\rupesh.barnawal  [ INFO]  06:54:37 27-03-19   GetProjectLocation   – path is:=>D:\osvsatmosphere\OSVAtmosQAAutomation\OneAtmosphere
ZENQ\rupesh.barnawal  [ INFO]  06:54:37 27-03-19   GetAutomationReportsFolder   – ==========> Automation Reports folder directory is:=>D:\osvsatmosphere\OSVAtmosQAAutomation\Automation_Report
ZENQ\rupesh.barnawal  [ INFO]  06:54:37 27-03-19   GetProjectLocation   – path is:=>D:\osvsatmosphere\OSVAtmosQAAutomation\OneAtmosphere
ZENQ\rupesh.barnawal  [ INFO]  06:54:37 27-03-19   GetProjectLocation   – path is:=>D:\osvsatmosphere\OSVAtmosQAAutomation\OneAtmosphere
ZENQ\rupesh.barnawal  [ INFO]  06:54:37 27-03-19   CreateReportsDirectory   – ===>Created the customer reports path is:=>D:\osvsatmosphere\OSVAtmosQAAutomation\Automation_Report\CustomReport\Reports_On_03-27-19
ZENQ\rupesh.barnawal  [ INFO]  06:54:37 27-03-19   GetProjectLocation   – path is:=>D:\osvsatmosphere\OSVAtmosQAAutomation\OneAtmosphere
ZENQ\rupesh.barnawal  [ INFO]  06:54:37 27-03-19   CreateScreenShotsFolder   – screenshots folder path:=>D:\osvsatmosphere\OSVAtmosQAAutomation\Automation_Report\OutPut\screenshots
ZENQ\rupesh.barnawal  [ INFO]  06:54:37 27-03-19   .ctor   – Initializing waits..
ZENQ\rupesh.barnawal  [ INFO]  06:54:37 27-03-19   SetUpTest   – Starting Execution of Scenario:=>Verification of UI elements of Login page in Feature:LoginHomeMyAccountTax
ZENQ\rupesh.barnawal  [ INFO]  06:54:37 27-03-19   InitChromeDriver   – Launching google chrome with new profile..
ZENQ\rupesh.barnawal  [ INFO]  06:54:37 27-03-19   InitChromeDriver   – chrome driver initialized..
ZENQ\rupesh.barnawal  [ INFO]  06:54:37 27-03-19   GetProjectLocation   – path is:=>D:\osvsatmosphere\OSVAtmosQAAutomation\OneAtmosphere
ZENQ\rupesh.barnawal  [ INFO]  06:54:51 27-03-19   .ctor   – Initializing waits..
ZENQ\rupesh.barnawal  [ INFO]  06:54:56 27-03-19   .ctor   – Initializing waits..
ZENQ\rupesh.barnawal  [ INFO]  06:54:56 27-03-19   SetUpTest   – Starting Execution of Scenario:=>Login and Logout verification in OneAtmos site in Feature:LoginHomeMyAccountTax
ZENQ\rupesh.barnawal  [ INFO]  06:54:56 27-03-19   InitChromeDriver   – Launching google chrome with new profile..
ZENQ\rupesh.barnawal  [ INFO]  06:54:56 27-03-19   InitChromeDriver   – chrome driver initialized..
ZENQ\rupesh.barnawal  [ INFO]  06:54:56 27-03-19   GetProjectLocation   – path is:=>D:\osvsatmosphere\OSVAtmosQAAutomation\OneAtmosphere
ZENQ\rupesh.barnawal  [ INFO]  06:55:06 27-03-19   .ctor   – Initializing waits..
ZENQ\rupesh.barnawal  [ INFO]  06:55:06 27-03-19   LoginIntoOneAtmos   – this is login page
ZENQ\rupesh.barnawal  [ INFO]  06:55:06 27-03-19   EnterUserName   – type text in username field
ZENQ\rupesh.barnawal  [ INFO]  06:55:07 27-03-19   FindElement   – Waiting for element: By.XPath: //input[@type='text'] for 30 seconds
ZENQ\rupesh.barnawal  [ INFO]  06:55:07 27-03-19   SafeType   – Entered text testatmosuser@gmail.com in the field By.XPath: //input[@type='text']
ZENQ\rupesh.barnawal  [ INFO]  06:55:07 27-03-19   EnterUserName   – Entered the UserName in username
ZENQ\rupesh.barnawal  [ INFO]  06:55:07 27-03-19   EnterPassword   – Type password in password field
ZENQ\rupesh.barnawal  [ INFO]  06:55:07 27-03-19   FindElement   – Waiting for element: By.XPath: //input[@type='password'] for 30 seconds
ZENQ\rupesh.barnawal  [ INFO]  06:55:07 27-03-19   SafeType   – Entered text Second@123! in the field By.XPath: //input[@type='password']
ZENQ\rupesh.barnawal  [ INFO]  06:55:07 27-03-19   EnterPassword   – Entered the password in password field
ZENQ\rupesh.barnawal  [ INFO]  06:55:07 27-03-19   ClickSIGNINButton   – click on SIGN IN button
ZENQ\rupesh.barnawal  [ INFO]  06:55:08 27-03-19   FindElement   – Waiting for element: By.XPath: //span[contains(@class,'label bBody')] for 60 seconds
ZENQ\rupesh.barnawal  [ INFO]  06:55:08 27-03-19   SafeNormalClick   – Clicked on element By.XPath: //span[contains(@class,'label bBody')]
ZENQ\rupesh.barnawal  [ INFO]  06:55:08 27-03-19   ClickSIGNINButton   – clicked on SIGN IN button
ZENQ\rupesh.barnawal  [ INFO]  06:55:08 27-03-19   WaitForPageToLoad   – Waiting until page load is complete..
ZENQ\rupesh.barnawal  [ INFO]  06:55:18 27-03-19   ClickSIGNINButton   – Login Failed. Could Not Navigate to Home Page ..
ZENQ\rupesh.barnawal  [ INFO]  06:55:18 27-03-19   TakeScreenshot   – A generic error occurred in GDI+.   at System.Drawing.Image.Save(String filename, ImageCodecInfo encoder, EncoderParameters encoderParams)
   at System.Drawing.Image.Save(String filename, ImageFormat format)
   at OpenQA.Selenium.Screenshot.SaveAsFile(String fileName, ImageFormat format)
   at OpenQA.Selenium.Screenshot.SaveAsFile(String fileName, ScreenshotImageFormat format)
   at SeleniumAutomation.Utilities.AutomationUtilities.TakeScreenshot(IWebDriver driver, String screenshotPath) in D:\osvsatmosphere\OSVAtmosQAAutomation\OneAtmosphere\Utilities\Generic\Utilities.cs:line 529
ZENQ\rupesh.barnawal  [ INFO]  06:55:18 27-03-19   TearDown   – An error ocurred:Login Failed. Could Not Navigate to Home Page ..
ZENQ\rupesh.barnawal  [ INFO]  06:55:18 27-03-19   TearDown   – It was of type:Exception
ZENQ\rupesh.barnawal  [ INFO]  06:55:19 27-03-19   GetProjectLocation   – path is:=>D:\osvsatmosphere\OSVAtmosQAAutomation\OneAtmosphere
ZENQ\rupesh.barnawal  [ INFO]  06:55:19 27-03-19   GetAutomationReportsFolder   – ==========> Automation Reports folder directory is:=>D:\osvsatmosphere\OSVAtmosQAAutomation\Automation_Report
ZENQ\rupesh.barnawal  [ INFO]  06:59:50 27-03-19   GetProjectLocation   – path is:=>D:\osvsatmosphere\OSVAtmosQAAutomation\OneAtmosphere
ZENQ\rupesh.barnawal  [ INFO]  06:59:50 27-03-19   GetAutomationReportsFolder   – ==========> Automation Reports folder directory is:=>D:\osvsatmosphere\OSVAtmosQAAutomation\Automation_Report
ZENQ\rupesh.barnawal  [ INFO]  06:59:50 27-03-19   GetProjectLocation   – path is:=>D:\osvsatmosphere\OSVAtmosQAAutomation\OneAtmosphere
ZENQ\rupesh.barnawal  [ INFO]  06:59:50 27-03-19   GetProjectLocation   – path is:=>D:\osvsatmosphere\OSVAtmosQAAutomation\OneAtmosphere
ZENQ\rupesh.barnawal  [ INFO]  06:59:50 27-03-19   CreateReportsDirectory   – ===>Created the customer reports path is:=>D:\osvsatmosphere\OSVAtmosQAAutomation\Automation_Report\CustomReport\Reports_On_03-27-19
ZENQ\rupesh.barnawal  [ INFO]  06:59:50 27-03-19   GetProjectLocation   – path is:=>D:\osvsatmosphere\OSVAtmosQAAutomation\OneAtmosphere
ZENQ\rupesh.barnawal  [ INFO]  06:59:50 27-03-19   CreateScreenShotsFolder   – screenshots folder path:=>D:\osvsatmosphere\OSVAtmosQAAutomation\Automation_Report\OutPut\screenshots
ZENQ\rupesh.barnawal  [ INFO]  06:59:50 27-03-19   .ctor   – Initializing waits..
ZENQ\rupesh.barnawal  [ INFO]  06:59:50 27-03-19   SetUpTest   – Starting Execution of Scenario:=>Verification of UI elements of Login page in Feature:LoginHomeMyAccountTax
ZENQ\rupesh.barnawal  [ INFO]  06:59:50 27-03-19   InitChromeDriver   – Launching google chrome with new profile..
ZENQ\rupesh.barnawal  [ INFO]  06:59:50 27-03-19   InitChromeDriver   – chrome driver initialized..
ZENQ\rupesh.barnawal  [ INFO]  06:59:50 27-03-19   GetProjectLocation   – path is:=>D:\osvsatmosphere\OSVAtmosQAAutomation\OneAtmosphere
ZENQ\rupesh.barnawal  [ INFO]  07:00:05 27-03-19   .ctor   – Initializing waits..
ZENQ\rupesh.barnawal  [ INFO]  07:00:11 27-03-19   TakeScreenshot   – A generic error occurred in GDI+.   at System.Drawing.Image.Save(String filename, ImageCodecInfo encoder, EncoderParameters encoderParams)
   at System.Drawing.Image.Save(String filename, ImageFormat format)
   at OpenQA.Selenium.Screenshot.SaveAsFile(String fileName, ImageFormat format)
   at OpenQA.Selenium.Screenshot.SaveAsFile(String fileName, ScreenshotImageFormat format)
   at SeleniumAutomation.Utilities.AutomationUtilities.TakeScreenshot(IWebDriver driver, String screenshotPath) in D:\osvsatmosphere\OSVAtmosQAAutomation\OneAtmosphere\Utilities\Generic\Utilities.cs:line 529
ZENQ\rupesh.barnawal  [ INFO]  07:00:11 27-03-19   TearDown   – An error ocurred:  'OSV Employee? Click Here' link does not exists in 'Login' page
  Expected: True
  But was:  False

ZENQ\rupesh.barnawal  [ INFO]  07:00:11 27-03-19   TearDown   – It was of type:AssertionException
ZENQ\rupesh.barnawal  [ INFO]  07:00:12 27-03-19   .ctor   – Initializing waits..
ZENQ\rupesh.barnawal  [ INFO]  07:00:12 27-03-19   SetUpTest   – Starting Execution of Scenario:=>Login and Logout verification in OneAtmos site in Feature:LoginHomeMyAccountTax
ZENQ\rupesh.barnawal  [ INFO]  07:00:12 27-03-19   InitChromeDriver   – Launching google chrome with new profile..
ZENQ\rupesh.barnawal  [ INFO]  07:00:12 27-03-19   InitChromeDriver   – chrome driver initialized..
ZENQ\rupesh.barnawal  [ INFO]  07:00:12 27-03-19   GetProjectLocation   – path is:=>D:\osvsatmosphere\OSVAtmosQAAutomation\OneAtmosphere
ZENQ\rupesh.barnawal  [ INFO]  07:00:24 27-03-19   .ctor   – Initializing waits..
ZENQ\rupesh.barnawal  [ INFO]  07:00:24 27-03-19   LoginIntoOneAtmos   – this is login page
ZENQ\rupesh.barnawal  [ INFO]  07:00:24 27-03-19   EnterUserName   – type text in username field
ZENQ\rupesh.barnawal  [ INFO]  07:00:24 27-03-19   FindElement   – Waiting for element: By.XPath: //input[@type='text'] for 30 seconds
ZENQ\rupesh.barnawal  [ INFO]  07:00:24 27-03-19   SafeType   – Entered text testatmosuser@gmail.com in the field By.XPath: //input[@type='text']
ZENQ\rupesh.barnawal  [ INFO]  07:00:24 27-03-19   EnterUserName   – Entered the UserName in username
ZENQ\rupesh.barnawal  [ INFO]  07:00:24 27-03-19   EnterPassword   – Type password in password field
ZENQ\rupesh.barnawal  [ INFO]  07:00:24 27-03-19   FindElement   – Waiting for element: By.XPath: //input[@type='password'] for 30 seconds
ZENQ\rupesh.barnawal  [ INFO]  07:00:24 27-03-19   SafeType   – Entered text Second@123! in the field By.XPath: //input[@type='password']
ZENQ\rupesh.barnawal  [ INFO]  07:00:24 27-03-19   EnterPassword   – Entered the password in password field
ZENQ\rupesh.barnawal  [ INFO]  07:00:24 27-03-19   ClickSIGNINButton   – click on SIGN IN button
ZENQ\rupesh.barnawal  [ INFO]  07:00:25 27-03-19   FindElement   – Waiting for element: By.XPath: //span[contains(@class,'label bBody')] for 60 seconds
ZENQ\rupesh.barnawal  [ INFO]  07:00:25 27-03-19   SafeNormalClick   – Clicked on element By.XPath: //span[contains(@class,'label bBody')]
ZENQ\rupesh.barnawal  [ INFO]  07:00:25 27-03-19   ClickSIGNINButton   – clicked on SIGN IN button
ZENQ\rupesh.barnawal  [ INFO]  07:00:25 27-03-19   WaitForPageToLoad   – Waiting until page load is complete..
ZENQ\rupesh.barnawal  [ INFO]  07:00:35 27-03-19   ClickSIGNINButton   – Login Failed. Could Not Navigate to Home Page ..
ZENQ\rupesh.barnawal  [ INFO]  07:00:35 27-03-19   TakeScreenshot   – A generic error occurred in GDI+.   at System.Drawing.Image.Save(String filename, ImageCodecInfo encoder, EncoderParameters encoderParams)
   at System.Drawing.Image.Save(String filename, ImageFormat format)
   at OpenQA.Selenium.Screenshot.SaveAsFile(String fileName, ImageFormat format)
   at OpenQA.Selenium.Screenshot.SaveAsFile(String fileName, ScreenshotImageFormat format)
   at SeleniumAutomation.Utilities.AutomationUtilities.TakeScreenshot(IWebDriver driver, String screenshotPath) in D:\osvsatmosphere\OSVAtmosQAAutomation\OneAtmosphere\Utilities\Generic\Utilities.cs:line 529
ZENQ\rupesh.barnawal  [ INFO]  07:00:35 27-03-19   TearDown   – An error ocurred:Login Failed. Could Not Navigate to Home Page ..
ZENQ\rupesh.barnawal  [ INFO]  07:00:35 27-03-19   TearDown   – It was of type:Exception
ZENQ\rupesh.barnawal  [ INFO]  07:00:36 27-03-19   GetProjectLocation   – path is:=>D:\osvsatmosphere\OSVAtmosQAAutomation\OneAtmosphere
ZENQ\rupesh.barnawal  [ INFO]  07:00:36 27-03-19   GetAutomationReportsFolder   – ==========> Automation Reports folder directory is:=>D:\osvsatmosphere\OSVAtmosQAAutomation\Automation_Report
ZENQ\rupesh.barnawal  [ INFO]  07:01:51 27-03-19   GetProjectLocation   – path is:=>D:\osvsatmosphere\OSVAtmosQAAutomation\OneAtmosphere
ZENQ\rupesh.barnawal  [ INFO]  07:01:51 27-03-19   GetAutomationReportsFolder   – ==========> Automation Reports folder directory is:=>D:\osvsatmosphere\OSVAtmosQAAutomation\Automation_Report
ZENQ\rupesh.barnawal  [ INFO]  07:01:51 27-03-19   GetProjectLocation   – path is:=>D:\osvsatmosphere\OSVAtmosQAAutomation\OneAtmosphere
ZENQ\rupesh.barnawal  [ INFO]  07:01:51 27-03-19   GetProjectLocation   – path is:=>D:\osvsatmosphere\OSVAtmosQAAutomation\OneAtmosphere
ZENQ\rupesh.barnawal  [ INFO]  07:01:51 27-03-19   CreateReportsDirectory   – ===>Created the customer reports path is:=>D:\osvsatmosphere\OSVAtmosQAAutomation\Automation_Report\CustomReport\Reports_On_03-27-19
ZENQ\rupesh.barnawal  [ INFO]  07:01:51 27-03-19   GetProjectLocation   – path is:=>D:\osvsatmosphere\OSVAtmosQAAutomation\OneAtmosphere
ZENQ\rupesh.barnawal  [ INFO]  07:01:51 27-03-19   CreateScreenShotsFolder   – screenshots folder path:=>D:\osvsatmosphere\OSVAtmosQAAutomation\Automation_Report\OutPut\screenshots
ZENQ\rupesh.barnawal  [ INFO]  07:01:51 27-03-19   .ctor   – Initializing waits..
ZENQ\rupesh.barnawal  [ INFO]  07:01:51 27-03-19   SetUpTest   – Starting Execution of Scenario:=>Verification of UI elements of Login page in Feature:LoginHomeMyAccountTax
ZENQ\rupesh.barnawal  [ INFO]  07:01:51 27-03-19   InitChromeDriver   – Launching google chrome with new profile..
ZENQ\rupesh.barnawal  [ INFO]  07:01:51 27-03-19   InitChromeDriver   – chrome driver initialized..
ZENQ\rupesh.barnawal  [ INFO]  07:01:51 27-03-19   GetProjectLocation   – path is:=>D:\osvsatmosphere\OSVAtmosQAAutomation\OneAtmosphere
ZENQ\rupesh.barnawal  [ INFO]  07:02:05 27-03-19   .ctor   – Initializing waits..
ZENQ\rupesh.barnawal  [ INFO]  07:02:11 27-03-19   TakeScreenshot   – A generic error occurred in GDI+.   at System.Drawing.Image.Save(String filename, ImageCodecInfo encoder, EncoderParameters encoderParams)
   at System.Drawing.Image.Save(String filename, ImageFormat format)
   at OpenQA.Selenium.Screenshot.SaveAsFile(String fileName, ImageFormat format)
   at OpenQA.Selenium.Screenshot.SaveAsFile(String fileName, ScreenshotImageFormat format)
   at SeleniumAutomation.Utilities.AutomationUtilities.TakeScreenshot(IWebDriver driver, String screenshotPath) in D:\osvsatmosphere\OSVAtmosQAAutomation\OneAtmosphere\Utilities\Generic\Utilities.cs:line 529
ZENQ\rupesh.barnawal  [ INFO]  07:02:11 27-03-19   TearDown   – An error ocurred:  'OSV Employee? Click Here' link does not exists in 'Login' page
  Expected: True
  But was:  False

ZENQ\rupesh.barnawal  [ INFO]  07:02:11 27-03-19   TearDown   – It was of type:AssertionException
ZENQ\rupesh.barnawal  [ INFO]  07:02:11 27-03-19   GetProjectLocation   – path is:=>D:\osvsatmosphere\OSVAtmosQAAutomation\OneAtmosphere
ZENQ\rupesh.barnawal  [ INFO]  07:02:11 27-03-19   GetAutomationReportsFolder   – ==========> Automation Reports folder directory is:=>D:\osvsatmosphere\OSVAtmosQAAutomation\Automation_Report
ZENQ\rupesh.barnawal  [ INFO]  07:04:11 27-03-19   GetProjectLocation   – path is:=>D:\osvsatmosphere\OSVAtmosQAAutomation\OneAtmosphere
ZENQ\rupesh.barnawal  [ INFO]  07:04:11 27-03-19   GetAutomationReportsFolder   – ==========> Automation Reports folder directory is:=>D:\osvsatmosphere\OSVAtmosQAAutomation\Automation_Report
ZENQ\rupesh.barnawal  [ INFO]  07:04:11 27-03-19   GetProjectLocation   – path is:=>D:\osvsatmosphere\OSVAtmosQAAutomation\OneAtmosphere
ZENQ\rupesh.barnawal  [ INFO]  07:04:11 27-03-19   GetProjectLocation   – path is:=>D:\osvsatmosphere\OSVAtmosQAAutomation\OneAtmosphere
ZENQ\rupesh.barnawal  [ INFO]  07:04:11 27-03-19   CreateReportsDirectory   – ===>Created the customer reports path is:=>D:\osvsatmosphere\OSVAtmosQAAutomation\Automation_Report\CustomReport\Reports_On_03-27-19
ZENQ\rupesh.barnawal  [ INFO]  07:04:11 27-03-19   GetProjectLocation   – path is:=>D:\osvsatmosphere\OSVAtmosQAAutomation\OneAtmosphere
ZENQ\rupesh.barnawal  [ INFO]  07:04:11 27-03-19   CreateScreenShotsFolder   – screenshots folder path:=>D:\osvsatmosphere\OSVAtmosQAAutomation\Automation_Report\OutPut\screenshots
ZENQ\rupesh.barnawal  [ INFO]  07:04:11 27-03-19   .ctor   – Initializing waits..
ZENQ\rupesh.barnawal  [ INFO]  07:04:11 27-03-19   SetUpTest   – Starting Execution of Scenario:=>Verification of UI elements of Login page in Feature:LoginHomeMyAccountTax
ZENQ\rupesh.barnawal  [ INFO]  07:04:12 27-03-19   InitChromeDriver   – Launching google chrome with new profile..
ZENQ\rupesh.barnawal  [ INFO]  07:04:12 27-03-19   InitChromeDriver   – chrome driver initialized..
ZENQ\rupesh.barnawal  [ INFO]  07:04:12 27-03-19   GetProjectLocation   – path is:=>D:\osvsatmosphere\OSVAtmosQAAutomation\OneAtmosphere
ZENQ\rupesh.barnawal  [ INFO]  07:04:25 27-03-19   .ctor   – Initializing waits..
ZENQ\rupesh.barnawal  [ INFO]  07:04:31 27-03-19   TakeScreenshot   – A generic error occurred in GDI+.   at System.Drawing.Image.Save(String filename, ImageCodecInfo encoder, EncoderParameters encoderParams)
   at System.Drawing.Image.Save(String filename, ImageFormat format)
   at OpenQA.Selenium.Screenshot.SaveAsFile(String fileName, ImageFormat format)
   at OpenQA.Selenium.Screenshot.SaveAsFile(String fileName, ScreenshotImageFormat format)
   at SeleniumAutomation.Utilities.AutomationUtilities.TakeScreenshot(IWebDriver driver, String screenshotPath) in D:\osvsatmosphere\OSVAtmosQAAutomation\OneAtmosphere\Utilities\Generic\Utilities.cs:line 529
ZENQ\rupesh.barnawal  [ INFO]  07:04:31 27-03-19   TearDown   – An error ocurred:  'OSV Employee? Click Here' link does not exists in 'Login' page
  Expected: True
  But was:  False

ZENQ\rupesh.barnawal  [ INFO]  07:04:31 27-03-19   TearDown   – It was of type:AssertionException
ZENQ\rupesh.barnawal  [ INFO]  07:04:31 27-03-19   .ctor   – Initializing waits..
ZENQ\rupesh.barnawal  [ INFO]  07:04:31 27-03-19   SetUpTest   – Starting Execution of Scenario:=>Login and Logout verification in OneAtmos site in Feature:LoginHomeMyAccountTax
ZENQ\rupesh.barnawal  [ INFO]  07:04:31 27-03-19   InitChromeDriver   – Launching google chrome with new profile..
ZENQ\rupesh.barnawal  [ INFO]  07:04:31 27-03-19   InitChromeDriver   – chrome driver initialized..
ZENQ\rupesh.barnawal  [ INFO]  07:04:31 27-03-19   GetProjectLocation   – path is:=>D:\osvsatmosphere\OSVAtmosQAAutomation\OneAtmosphere
ZENQ\rupesh.barnawal  [ INFO]  07:04:44 27-03-19   .ctor   – Initializing waits..
ZENQ\rupesh.barnawal  [ INFO]  07:04:44 27-03-19   LoginIntoOneAtmos   – this is login page
ZENQ\rupesh.barnawal  [ INFO]  07:04:44 27-03-19   EnterUserName   – type text in username field
ZENQ\rupesh.barnawal  [ INFO]  07:04:45 27-03-19   FindElement   – Waiting for element: By.XPath: //input[@type='text'] for 30 seconds
ZENQ\rupesh.barnawal  [ INFO]  07:04:45 27-03-19   SafeType   – Entered text testatmosuser@gmail.com in the field By.XPath: //input[@type='text']
ZENQ\rupesh.barnawal  [ INFO]  07:04:45 27-03-19   EnterUserName   – Entered the UserName in username
ZENQ\rupesh.barnawal  [ INFO]  07:04:45 27-03-19   EnterPassword   – Type password in password field
ZENQ\rupesh.barnawal  [ INFO]  07:04:45 27-03-19   FindElement   – Waiting for element: By.XPath: //input[@type='password'] for 30 seconds
ZENQ\rupesh.barnawal  [ INFO]  07:04:45 27-03-19   SafeType   – Entered text Second@123! in the field By.XPath: //input[@type='password']
ZENQ\rupesh.barnawal  [ INFO]  07:04:45 27-03-19   EnterPassword   – Entered the password in password field
ZENQ\rupesh.barnawal  [ INFO]  07:04:45 27-03-19   ClickSIGNINButton   – click on SIGN IN button
ZENQ\rupesh.barnawal  [ INFO]  07:04:45 27-03-19   FindElement   – Waiting for element: By.XPath: //span[contains(@class,'label bBody')] for 60 seconds
ZENQ\rupesh.barnawal  [ INFO]  07:04:45 27-03-19   SafeNormalClick   – Clicked on element By.XPath: //span[contains(@class,'label bBody')]
ZENQ\rupesh.barnawal  [ INFO]  07:04:45 27-03-19   ClickSIGNINButton   – clicked on SIGN IN button
ZENQ\rupesh.barnawal  [ INFO]  07:04:45 27-03-19   WaitForPageToLoad   – Waiting until page load is complete..
ZENQ\rupesh.barnawal  [ INFO]  07:04:55 27-03-19   ClickSIGNINButton   – Login Failed. Could Not Navigate to Home Page ..
ZENQ\rupesh.barnawal  [ INFO]  07:04:56 27-03-19   TakeScreenshot   – A generic error occurred in GDI+.   at System.Drawing.Image.Save(String filename, ImageCodecInfo encoder, EncoderParameters encoderParams)
   at System.Drawing.Image.Save(String filename, ImageFormat format)
   at OpenQA.Selenium.Screenshot.SaveAsFile(String fileName, ImageFormat format)
   at OpenQA.Selenium.Screenshot.SaveAsFile(String fileName, ScreenshotImageFormat format)
   at SeleniumAutomation.Utilities.AutomationUtilities.TakeScreenshot(IWebDriver driver, String screenshotPath) in D:\osvsatmosphere\OSVAtmosQAAutomation\OneAtmosphere\Utilities\Generic\Utilities.cs:line 529
ZENQ\rupesh.barnawal  [ INFO]  07:04:56 27-03-19   TearDown   – An error ocurred:Login Failed. Could Not Navigate to Home Page ..
ZENQ\rupesh.barnawal  [ INFO]  07:04:56 27-03-19   TearDown   – It was of type:Exception
ZENQ\rupesh.barnawal  [ INFO]  07:04:56 27-03-19   GetProjectLocation   – path is:=>D:\osvsatmosphere\OSVAtmosQAAutomation\OneAtmosphere
ZENQ\rupesh.barnawal  [ INFO]  07:04:56 27-03-19   GetAutomationReportsFolder   – ==========> Automation Reports folder directory is:=>D:\osvsatmosphere\OSVAtmosQAAutomation\Automation_Report
